{"logTime": "0124/095018", "correlationVector":"E0T5rPVViFWzuLYErngvzW.1","action":"SyncServerConnectionManagerRequest", "result":"SYNC_SERVER_OK", "context":{"environment":"Prod_southeastasia_prod-s01-065-apac-southeastasia", "migrationStage":"NotStarted", "server":"akswtt00300001y"}}
{"logTime": "0124/095019", "correlationVector":"i31o9ORehpjW7/9jz1qY8A","action":"SyncServerConnectionManagerRequest", "result":"SYNC_SERVER_OK", "context":{"environment":"", "migrationStage":"", "server":""}}
{"logTime": "0124/095020", "correlationVector":"E0T5rPVViFWzuLYErngvzW","action":"Initial GetUpdates", "result":"", "context":Reason: NEW_CLIENT. cV=E0T5rPVViFWzuLYErngvzW}
{"logTime": "0124/095020", "correlationVector":"E0T5rPVViFWzuLYErngvzW.2","action":"GetUpdates Response", "result":"Success", "context":Received 1 update(s). cV=E0T5rPVViFWzuLYErngvzW.0;server=akswtt00300001y;cloudType=Consumer;environment=Prod_southeastasia_prod-s01-065-apac-southeastasia;migrationStage=NotStarted}
{"logTime": "0124/095020", "correlationVector":"rCsDwtz4YiKnYs1PaeNuYW","action":"Initial GetUpdates", "result":"", "context":Reason: NEWLY_SUPPORTED_DATATYPE. cV=rCsDwtz4YiKnYs1PaeNuYW}
{"logTime": "0124/095020", "correlationVector":"rCsDwtz4YiKnYs1PaeNuYW.1","action":"SyncServerConnectionManagerRequest", "result":"SYNC_SERVER_OK", "context":{"environment":"Prod_southeastasia_prod-s01-065-apac-southeastasia", "migrationStage":"NotStarted", "server":"akswtt003000028"}}
{"logTime": "0124/095020", "correlationVector":"rCsDwtz4YiKnYs1PaeNuYW.2","action":"GetUpdates", "result":"DeleteReceived", "context":{"id":"ea734d01-7b7d-4b75-b4ba-9de4ef1ee7d0", "isDeleted:":"true", "version":"1710668100092"}}
{"logTime": "0124/095020", "correlationVector":"rCsDwtz4YiKnYs1PaeNuYW.3","action":"GetUpdates Response", "result":"Success", "context":Received 98 update(s). cV=rCsDwtz4YiKnYs1PaeNuYW.0;server=akswtt003000028;cloudType=Consumer;environment=Prod_southeastasia_prod-s01-065-apac-southeastasia;migrationStage=NotStarted}
{"logTime": "0124/095020", "correlationVector":"aZ1bkK4ZyK3VhOaVOdzo1C","action":"Initial GetUpdates", "result":"", "context":Reason: NEWLY_SUPPORTED_DATATYPE. cV=aZ1bkK4ZyK3VhOaVOdzo1C}
{"logTime": "0124/095021", "correlationVector":"aZ1bkK4ZyK3VhOaVOdzo1C.1","action":"SyncServerConnectionManagerRequest", "result":"SYNC_SERVER_OK", "context":{"environment":"Prod_southeastasia_prod-s01-065-apac-southeastasia", "migrationStage":"NotStarted", "server":"akswtt00300000j"}}
{"logTime": "0124/095021", "correlationVector":"aZ1bkK4ZyK3VhOaVOdzo1C.2","action":"GetUpdates Response", "result":"Success", "context":Received 14 update(s). cV=aZ1bkK4ZyK3VhOaVOdzo1C.0;server=akswtt00300000j;cloudType=Consumer;environment=Prod_southeastasia_prod-s01-065-apac-southeastasia;migrationStage=NotStarted}
{"logTime": "0124/095021", "correlationVector":"ME2fqq07HywN2mtkpWCv6t","action":"Initial GetUpdates", "result":"", "context":Reason: NEWLY_SUPPORTED_DATATYPE. cV=ME2fqq07HywN2mtkpWCv6t}
{"logTime": "0124/095021", "correlationVector":"ME2fqq07HywN2mtkpWCv6t.1","action":"SyncServerConnectionManagerRequest", "result":"SYNC_SERVER_OK", "context":{"environment":"Prod_southeastasia_prod-s01-065-apac-southeastasia", "migrationStage":"NotStarted", "server":"akswtt003000034"}}
{"logTime": "0124/095021", "correlationVector":"ME2fqq07HywN2mtkpWCv6t.2","action":"GetUpdates", "result":"DeleteReceived", "context":{"id":"ea15fc67-e6bc-4b6e-aa3c-02ee4d5a4a14", "isDeleted:":"true", "version":"1732001373151"}}
{"logTime": "0124/095021", "correlationVector":"ME2fqq07HywN2mtkpWCv6t.3","action":"GetUpdates", "result":"DeleteReceived", "context":{"id":"67d94c33-8d9e-4877-8a8e-9b2c813f0348", "isDeleted:":"true", "version":"1732001373157"}}
{"logTime": "0124/095021", "correlationVector":"ME2fqq07HywN2mtkpWCv6t.4","action":"GetUpdates", "result":"DeleteReceived", "context":{"id":"86acf7b1-c95a-4638-804b-67626c43b7a7", "isDeleted:":"true", "version":"1732001373160"}}
{"logTime": "0124/095021", "correlationVector":"ME2fqq07HywN2mtkpWCv6t.5","action":"GetUpdates", "result":"DeleteReceived", "context":{"id":"450e93cc-6410-4894-a629-4704359b5921", "isDeleted:":"true", "version":"1732001373163"}}
{"logTime": "0124/095021", "correlationVector":"ME2fqq07HywN2mtkpWCv6t.6","action":"GetUpdates", "result":"DeleteReceived", "context":{"id":"81a23456-799e-4ff5-bfab-b4294118f7c8", "isDeleted:":"true", "version":"1732001373164"}}
{"logTime": "0124/095021", "correlationVector":"ME2fqq07HywN2mtkpWCv6t.7","action":"GetUpdates", "result":"DeleteReceived", "context":{"id":"83e619ab-634e-4cc2-8045-80261f3a43c8", "isDeleted:":"true", "version":"1732001373165"}}
{"logTime": "0124/095021", "correlationVector":"ME2fqq07HywN2mtkpWCv6t.8","action":"GetUpdates", "result":"DeleteReceived", "context":{"id":"dda35d90-5bce-4aa0-9495-669ac8beeb7b", "isDeleted:":"true", "version":"1729950854673"}}
{"logTime": "0124/095021", "correlationVector":"ME2fqq07HywN2mtkpWCv6t.9","action":"GetUpdates", "result":"DeleteReceived", "context":{"id":"5d5ecde7-fac2-4392-b1c1-613c48bffd1d", "isDeleted:":"true", "version":"1730097194224"}}
{"logTime": "0124/095021", "correlationVector":"ME2fqq07HywN2mtkpWCv6t.10","action":"GetUpdates", "result":"DeleteReceived", "context":{"id":"b5f60988-b416-4b87-b3a7-46a410472f7c", "isDeleted:":"true", "version":"1730098056221"}}
{"logTime": "0124/095021", "correlationVector":"ME2fqq07HywN2mtkpWCv6t.11","action":"GetUpdates", "result":"DeleteReceived", "context":{"id":"95f8b810-64a6-46f6-8567-c692c7c26464", "isDeleted:":"true", "version":"1730108465985"}}
{"logTime": "0124/095021", "correlationVector":"ME2fqq07HywN2mtkpWCv6t.12","action":"GetUpdates", "result":"DeleteReceived", "context":{"id":"748fa486-301a-43bc-ac4a-406bfda78ce1", "isDeleted:":"true", "version":"1730178549122"}}
{"logTime": "0124/095021", "correlationVector":"ME2fqq07HywN2mtkpWCv6t.13","action":"GetUpdates", "result":"DeleteReceived", "context":{"id":"6afd39b3-25b3-4f5e-ad09-47f021872915", "isDeleted:":"true", "version":"1730199641600"}}
{"logTime": "0124/095021", "correlationVector":"ME2fqq07HywN2mtkpWCv6t.14","action":"GetUpdates", "result":"DeleteReceived", "context":{"id":"2722eb91-2f9d-4d8f-af4e-6e98fb2a2b40", "isDeleted:":"true", "version":"1732001665312"}}
{"logTime": "0124/095021", "correlationVector":"ME2fqq07HywN2mtkpWCv6t.15","action":"GetUpdates", "result":"DeleteReceived", "context":{"id":"dc802be0-3c87-43fd-82d7-a13d8aca2af7", "isDeleted:":"true", "version":"1732084033070"}}
{"logTime": "0124/095021", "correlationVector":"ME2fqq07HywN2mtkpWCv6t.16","action":"GetUpdates", "result":"DeleteReceived", "context":{"id":"886590b6-8564-4eb1-aa5a-dbee027f2606", "isDeleted:":"true", "version":"1732127633717"}}
{"logTime": "0124/095021", "correlationVector":"ME2fqq07HywN2mtkpWCv6t.17","action":"GetUpdates", "result":"DeleteReceived", "context":{"id":"2552f130-4c75-491f-8850-04c1f852a112", "isDeleted:":"true", "version":"1732193503955"}}
{"logTime": "0124/095021", "correlationVector":"ME2fqq07HywN2mtkpWCv6t.18","action":"GetUpdates", "result":"DeleteReceived", "context":{"id":"47ce3d2e-b8d7-4b21-bbad-20aad5b897ee", "isDeleted:":"true", "version":"1732193503957"}}
{"logTime": "0124/095021", "correlationVector":"ME2fqq07HywN2mtkpWCv6t.19","action":"GetUpdates", "result":"DeleteReceived", "context":{"id":"ed5ae2c7-ebb3-4c8a-8a40-55a0bd9e7a5e", "isDeleted:":"true", "version":"1732001380666"}}
{"logTime": "0124/095021", "correlationVector":"ME2fqq07HywN2mtkpWCv6t.20","action":"GetUpdates", "result":"DeleteReceived", "context":{"id":"5a28f21f-d2f9-4568-b440-dbc412455404", "isDeleted:":"true", "version":"1732001380667"}}
{"logTime": "0124/095021", "correlationVector":"ME2fqq07HywN2mtkpWCv6t.21","action":"GetUpdates", "result":"DeleteReceived", "context":{"id":"f74e97e8-eba0-4dac-8ec1-c55d1f5ea662", "isDeleted:":"true", "version":"1732001380668"}}
{"logTime": "0124/095021", "correlationVector":"ME2fqq07HywN2mtkpWCv6t.22","action":"GetUpdates", "result":"DeleteReceived", "context":{"id":"2cb7d283-28f9-470d-9adc-84bb8b41daa9", "isDeleted:":"true", "version":"1732084033073"}}
{"logTime": "0124/095021", "correlationVector":"ME2fqq07HywN2mtkpWCv6t.23","action":"GetUpdates", "result":"DeleteReceived", "context":{"id":"bc84628e-924d-4c64-97f9-4d4ccfc68837", "isDeleted:":"true", "version":"1732084033074"}}
{"logTime": "0124/095021", "correlationVector":"ME2fqq07HywN2mtkpWCv6t.24","action":"GetUpdates", "result":"DeleteReceived", "context":{"id":"4943f4be-ac15-4bbc-9932-4b590672ae0f", "isDeleted:":"true", "version":"1732084033075"}}
{"logTime": "0124/095021", "correlationVector":"ME2fqq07HywN2mtkpWCv6t.25","action":"GetUpdates", "result":"DeleteReceived", "context":{"id":"1a1654d2-2abd-46fe-9984-fc0a6caedb9b", "isDeleted:":"true", "version":"1732084033076"}}
{"logTime": "0124/095021", "correlationVector":"ME2fqq07HywN2mtkpWCv6t.26","action":"GetUpdates", "result":"DeleteReceived", "context":{"id":"65534cb0-796f-4e86-b7cd-c1ff345e8701", "isDeleted:":"true", "version":"1732084033077"}}
{"logTime": "0124/095021", "correlationVector":"ME2fqq07HywN2mtkpWCv6t.27","action":"GetUpdates", "result":"DeleteReceived", "context":{"id":"2e95235a-d10d-4392-9fcf-5ea37b132769", "isDeleted:":"true", "version":"1732084033078"}}
{"logTime": "0124/095021", "correlationVector":"ME2fqq07HywN2mtkpWCv6t.28","action":"GetUpdates Response", "result":"Success", "context":Received 250 update(s). cV=ME2fqq07HywN2mtkpWCv6t.0;server=akswtt003000034;cloudType=Consumer;environment=Prod_southeastasia_prod-s01-065-apac-southeastasia;migrationStage=NotStarted Some updates remain.}
{"logTime": "0124/095021", "correlationVector":"eEdACPVxujFvKbHzzgHoNW","action":"Initial GetUpdates", "result":"", "context":Reason: NEWLY_SUPPORTED_DATATYPE. cV=eEdACPVxujFvKbHzzgHoNW}
{"logTime": "0124/095022", "correlationVector":"eEdACPVxujFvKbHzzgHoNW.1","action":"SyncServerConnectionManagerRequest", "result":"SYNC_SERVER_OK", "context":{"environment":"Prod_southeastasia_prod-s01-065-apac-southeastasia", "migrationStage":"NotStarted", "server":"akswtt00300000j"}}
{"logTime": "0124/095022", "correlationVector":"eEdACPVxujFvKbHzzgHoNW.2","action":"GetUpdates", "result":"DeleteReceived", "context":{"id":"78963264-3f9d-46a4-9e51-125e2d627fcd", "isDeleted:":"true", "version":"1732523372458"}}
{"logTime": "0124/095022", "correlationVector":"eEdACPVxujFvKbHzzgHoNW.3","action":"GetUpdates", "result":"DeleteReceived", "context":{"id":"bed4d2be-4ade-41c8-931a-351182069c08", "isDeleted:":"true", "version":"1732193715982"}}
{"logTime": "0124/095022", "correlationVector":"eEdACPVxujFvKbHzzgHoNW.4","action":"GetUpdates", "result":"DeleteReceived", "context":{"id":"cf2aecd6-3f28-4f19-958a-51d1a5e01cdf", "isDeleted:":"true", "version":"1732194589993"}}
{"logTime": "0124/095022", "correlationVector":"eEdACPVxujFvKbHzzgHoNW.5","action":"GetUpdates", "result":"DeleteReceived", "context":{"id":"874a5417-dfcc-4756-b78f-cd2972559486", "isDeleted:":"true", "version":"1732196043072"}}
{"logTime": "0124/095022", "correlationVector":"eEdACPVxujFvKbHzzgHoNW.6","action":"GetUpdates", "result":"DeleteReceived", "context":{"id":"64843352-1ac3-40a3-878b-fdba06841d12", "isDeleted:":"true", "version":"1732523370988"}}
{"logTime": "0124/095022", "correlationVector":"eEdACPVxujFvKbHzzgHoNW.7","action":"GetUpdates", "result":"DeleteReceived", "context":{"id":"9311359f-5c67-46db-8376-340fc4a4d4e1", "isDeleted:":"true", "version":"1732597673962"}}
{"logTime": "0124/095022", "correlationVector":"eEdACPVxujFvKbHzzgHoNW.8","action":"GetUpdates", "result":"DeleteReceived", "context":{"id":"56f05a6c-aa16-42d8-a5f7-e5f0729314d4", "isDeleted:":"true", "version":"1732991273502"}}
{"logTime": "0124/095022", "correlationVector":"eEdACPVxujFvKbHzzgHoNW.9","action":"GetUpdates", "result":"DeleteReceived", "context":{"id":"0373cf31-2336-4d9f-b501-ff7219b8a191", "isDeleted:":"true", "version":"1732993210944"}}
{"logTime": "0124/095022", "correlationVector":"eEdACPVxujFvKbHzzgHoNW.10","action":"GetUpdates", "result":"DeleteReceived", "context":{"id":"78b37fcf-bbdd-4cfe-b16b-717cf0c01242", "isDeleted:":"true", "version":"1732993210947"}}
{"logTime": "0124/095022", "correlationVector":"eEdACPVxujFvKbHzzgHoNW.11","action":"GetUpdates", "result":"DeleteReceived", "context":{"id":"31c85e35-b7c2-49bd-9b3c-7135c728de06", "isDeleted:":"true", "version":"1732993248969"}}
{"logTime": "0124/095022", "correlationVector":"eEdACPVxujFvKbHzzgHoNW.12","action":"GetUpdates", "result":"DeleteReceived", "context":{"id":"6df350d1-3447-4aeb-b86b-be817bc49055", "isDeleted:":"true", "version":"1732993248970"}}
{"logTime": "0124/095022", "correlationVector":"eEdACPVxujFvKbHzzgHoNW.13","action":"GetUpdates", "result":"DeleteReceived", "context":{"id":"a974250f-e73a-4cbe-8c1f-61433f0e37c6", "isDeleted:":"true", "version":"1733108042584"}}
{"logTime": "0124/095022", "correlationVector":"eEdACPVxujFvKbHzzgHoNW.14","action":"GetUpdates", "result":"DeleteReceived", "context":{"id":"1d9452ad-075c-4501-898c-0a6adf6702d5", "isDeleted:":"true", "version":"1733377544396"}}
{"logTime": "0124/095022", "correlationVector":"eEdACPVxujFvKbHzzgHoNW.15","action":"GetUpdates", "result":"DeleteReceived", "context":{"id":"1c82e857-311f-4ae9-aedc-99f4d549757f", "isDeleted:":"true", "version":"1733377544398"}}
{"logTime": "0124/095022", "correlationVector":"eEdACPVxujFvKbHzzgHoNW.16","action":"GetUpdates", "result":"DeleteReceived", "context":{"id":"f89ba2a7-dd1e-475a-875b-94a4805c483f", "isDeleted:":"true", "version":"1733551280897"}}
{"logTime": "0124/095022", "correlationVector":"eEdACPVxujFvKbHzzgHoNW.17","action":"GetUpdates", "result":"DeleteReceived", "context":{"id":"5cd8bab8-c1d8-452a-84ec-17876187a900", "isDeleted:":"true", "version":"1733555149331"}}
{"logTime": "0124/095022", "correlationVector":"eEdACPVxujFvKbHzzgHoNW.18","action":"GetUpdates", "result":"DeleteReceived", "context":{"id":"4ec19d36-1cb6-4c21-883c-fa9fbb70ced3", "isDeleted:":"true", "version":"1733667101833"}}
{"logTime": "0124/095022", "correlationVector":"eEdACPVxujFvKbHzzgHoNW.19","action":"GetUpdates", "result":"DeleteReceived", "context":{"id":"382d92f1-ffba-46e4-a0a5-b0411169ac31", "isDeleted:":"true", "version":"1733667101834"}}
{"logTime": "0124/095022", "correlationVector":"eEdACPVxujFvKbHzzgHoNW.20","action":"GetUpdates", "result":"DeleteReceived", "context":{"id":"17d117df-7b02-4fbf-b5a8-21c65acf3f03", "isDeleted:":"true", "version":"1733811695192"}}
{"logTime": "0124/095022", "correlationVector":"eEdACPVxujFvKbHzzgHoNW.21","action":"GetUpdates", "result":"DeleteReceived", "context":{"id":"fc55856b-9ed3-4696-ac35-36fd12a7b39f", "isDeleted:":"true", "version":"1733848308048"}}
{"logTime": "0124/095022", "correlationVector":"eEdACPVxujFvKbHzzgHoNW.22","action":"GetUpdates", "result":"DeleteReceived", "context":{"id":"e543edb7-eadf-432d-97cd-a95ee51b917a", "isDeleted:":"true", "version":"1733935123604"}}
{"logTime": "0124/095022", "correlationVector":"eEdACPVxujFvKbHzzgHoNW.23","action":"GetUpdates", "result":"DeleteReceived", "context":{"id":"4765aa6e-bd37-490a-8162-bb8ac64744ad", "isDeleted:":"true", "version":"1734011477679"}}
{"logTime": "0124/095022", "correlationVector":"eEdACPVxujFvKbHzzgHoNW.24","action":"GetUpdates", "result":"DeleteReceived", "context":{"id":"19885aba-2c4b-4416-a2aa-3b5f5980d6ac", "isDeleted:":"true", "version":"1734026413731"}}
{"logTime": "0124/095022", "correlationVector":"eEdACPVxujFvKbHzzgHoNW.25","action":"GetUpdates", "result":"DeleteReceived", "context":{"id":"6b861694-acd7-4dce-a463-887429d89a9b", "isDeleted:":"true", "version":"1734028355422"}}
{"logTime": "0124/095022", "correlationVector":"eEdACPVxujFvKbHzzgHoNW.26","action":"GetUpdates", "result":"DeleteReceived", "context":{"id":"939a6670-7cda-456d-a156-c717880dac8c", "isDeleted:":"true", "version":"1734028437777"}}
{"logTime": "0124/095022", "correlationVector":"eEdACPVxujFvKbHzzgHoNW.27","action":"GetUpdates", "result":"DeleteReceived", "context":{"id":"c0aad4aa-ca17-48a0-8a26-37bf36060d95", "isDeleted:":"true", "version":"1734029329547"}}
{"logTime": "0124/095022", "correlationVector":"eEdACPVxujFvKbHzzgHoNW.28","action":"GetUpdates", "result":"DeleteReceived", "context":{"id":"74221b16-d0d2-4426-8fcd-98059683a413", "isDeleted:":"true", "version":"1734030140542"}}
{"logTime": "0124/095022", "correlationVector":"eEdACPVxujFvKbHzzgHoNW.29","action":"GetUpdates", "result":"DeleteReceived", "context":{"id":"40d595e3-7201-45f6-81e7-41c791f30bba", "isDeleted:":"true", "version":"1734031077322"}}
{"logTime": "0124/095022", "correlationVector":"eEdACPVxujFvKbHzzgHoNW.30","action":"GetUpdates", "result":"DeleteReceived", "context":{"id":"8298dc46-2879-4a11-87dd-a12abe3eecb9", "isDeleted:":"true", "version":"1734066662875"}}
{"logTime": "0124/095022", "correlationVector":"eEdACPVxujFvKbHzzgHoNW.31","action":"GetUpdates", "result":"DeleteReceived", "context":{"id":"06982d67-bd90-43f1-87f9-43ab233547a1", "isDeleted:":"true", "version":"1734072979912"}}
{"logTime": "0124/095022", "correlationVector":"eEdACPVxujFvKbHzzgHoNW.32","action":"GetUpdates", "result":"DeleteReceived", "context":{"id":"7be339d4-9604-40af-9ae1-df1cd1a152a5", "isDeleted:":"true", "version":"1734075298510"}}
{"logTime": "0124/095022", "correlationVector":"eEdACPVxujFvKbHzzgHoNW.33","action":"GetUpdates", "result":"DeleteReceived", "context":{"id":"9b0ca9e9-536c-4c1e-9541-8090a04eb678", "isDeleted:":"true", "version":"1734083148015"}}
{"logTime": "0124/095022", "correlationVector":"eEdACPVxujFvKbHzzgHoNW.34","action":"GetUpdates", "result":"DeleteReceived", "context":{"id":"0751e18d-2c27-4934-a81f-140056fee375", "isDeleted:":"true", "version":"1734083148016"}}
{"logTime": "0124/095022", "correlationVector":"eEdACPVxujFvKbHzzgHoNW.35","action":"GetUpdates", "result":"DeleteReceived", "context":{"id":"0df130d8-2177-4400-986a-37de9db9d3c4", "isDeleted:":"true", "version":"1734160999281"}}
{"logTime": "0124/095022", "correlationVector":"eEdACPVxujFvKbHzzgHoNW.36","action":"GetUpdates", "result":"DeleteReceived", "context":{"id":"c0fc4d7f-d14f-4cc4-92e0-a580eda6cea6", "isDeleted:":"true", "version":"1734160999282"}}
{"logTime": "0124/095022", "correlationVector":"eEdACPVxujFvKbHzzgHoNW.37","action":"GetUpdates", "result":"DeleteReceived", "context":{"id":"9fa740c4-9fe6-4dfd-a326-3bb2cea21113", "isDeleted:":"true", "version":"1734160999284"}}
{"logTime": "0124/095022", "correlationVector":"eEdACPVxujFvKbHzzgHoNW.38","action":"GetUpdates", "result":"DeleteReceived", "context":{"id":"9c764569-100a-415e-b8fc-968279afb33b", "isDeleted:":"true", "version":"1734160999285"}}
{"logTime": "0124/095022", "correlationVector":"eEdACPVxujFvKbHzzgHoNW.39","action":"GetUpdates", "result":"DeleteReceived", "context":{"id":"ea29f6fb-8c13-44a7-a222-ca780f90667d", "isDeleted:":"true", "version":"1734234623455"}}
{"logTime": "0124/095022", "correlationVector":"eEdACPVxujFvKbHzzgHoNW.40","action":"GetUpdates", "result":"DeleteReceived", "context":{"id":"b087a3e2-2143-45a8-b26d-2bbfa3482756", "isDeleted:":"true", "version":"1734360202089"}}
{"logTime": "0124/095022", "correlationVector":"eEdACPVxujFvKbHzzgHoNW.41","action":"GetUpdates", "result":"DeleteReceived", "context":{"id":"cb8d7a6c-987f-433b-8160-6fb5ec396933", "isDeleted:":"true", "version":"1734366045223"}}
{"logTime": "0124/095022", "correlationVector":"eEdACPVxujFvKbHzzgHoNW.42","action":"GetUpdates", "result":"DeleteReceived", "context":{"id":"0ec96462-8078-40d8-8b2b-3c3bc6b735d9", "isDeleted:":"true", "version":"1734538343964"}}
{"logTime": "0124/095022", "correlationVector":"eEdACPVxujFvKbHzzgHoNW.43","action":"GetUpdates", "result":"DeleteReceived", "context":{"id":"0b4744cc-ee0d-4afe-989d-dc902dea0058", "isDeleted:":"true", "version":"1734602023421"}}
{"logTime": "0124/095022", "correlationVector":"eEdACPVxujFvKbHzzgHoNW.44","action":"GetUpdates", "result":"DeleteReceived", "context":{"id":"e5359adb-eca3-4858-ba1c-ee6b24a03f16", "isDeleted:":"true", "version":"1734605229973"}}
{"logTime": "0124/095022", "correlationVector":"eEdACPVxujFvKbHzzgHoNW.45","action":"GetUpdates", "result":"DeleteReceived", "context":{"id":"3592ec4e-bfa0-49a5-ae46-175bf17fd57a", "isDeleted:":"true", "version":"1734625493208"}}
{"logTime": "0124/095022", "correlationVector":"eEdACPVxujFvKbHzzgHoNW.46","action":"GetUpdates", "result":"DeleteReceived", "context":{"id":"bf4f2c9a-b49f-46c6-81e8-8df543f5e28e", "isDeleted:":"true", "version":"1734625493210"}}
{"logTime": "0124/095022", "correlationVector":"eEdACPVxujFvKbHzzgHoNW.47","action":"GetUpdates", "result":"DeleteReceived", "context":{"id":"cac3807d-17f1-4f63-9197-176b518ca483", "isDeleted:":"true", "version":"1734786799000"}}
{"logTime": "0124/095022", "correlationVector":"eEdACPVxujFvKbHzzgHoNW.48","action":"GetUpdates", "result":"DeleteReceived", "context":{"id":"79d8825b-38a8-4464-9526-24f1f8adf65a", "isDeleted:":"true", "version":"1734852887144"}}
{"logTime": "0124/095022", "correlationVector":"eEdACPVxujFvKbHzzgHoNW.49","action":"GetUpdates", "result":"DeleteReceived", "context":{"id":"e606cf18-3099-418a-a745-afcdc12793a9", "isDeleted:":"true", "version":"1734852887145"}}
{"logTime": "0124/095022", "correlationVector":"eEdACPVxujFvKbHzzgHoNW.50","action":"GetUpdates", "result":"DeleteReceived", "context":{"id":"2f747eb7-dc5c-451f-b8cb-aae944fa9602", "isDeleted:":"true", "version":"1734853989493"}}
{"logTime": "0124/095022", "correlationVector":"eEdACPVxujFvKbHzzgHoNW.51","action":"GetUpdates", "result":"DeleteReceived", "context":{"id":"7d5afa2d-b08d-4cf7-900b-5603c09fd38a", "isDeleted:":"true", "version":"1734854269332"}}
{"logTime": "0124/095022", "correlationVector":"eEdACPVxujFvKbHzzgHoNW.52","action":"GetUpdates", "result":"DeleteReceived", "context":{"id":"342564fb-a353-427d-80a2-2f3d6b22e613", "isDeleted:":"true", "version":"1734875303621"}}
{"logTime": "0124/095022", "correlationVector":"eEdACPVxujFvKbHzzgHoNW.53","action":"GetUpdates", "result":"DeleteReceived", "context":{"id":"0048daf3-eda2-46b5-825a-cd16fe49333b", "isDeleted:":"true", "version":"1734876349051"}}
{"logTime": "0124/095022", "correlationVector":"eEdACPVxujFvKbHzzgHoNW.54","action":"GetUpdates", "result":"DeleteReceived", "context":{"id":"27545ccc-fc63-4856-ba60-232c7ed5862d", "isDeleted:":"true", "version":"1734876349053"}}
{"logTime": "0124/095022", "correlationVector":"eEdACPVxujFvKbHzzgHoNW.55","action":"GetUpdates", "result":"DeleteReceived", "context":{"id":"c7fdc43f-e0eb-4b9a-b61f-e68f04abc5f8", "isDeleted:":"true", "version":"1734878017893"}}
{"logTime": "0124/095022", "correlationVector":"eEdACPVxujFvKbHzzgHoNW.56","action":"GetUpdates", "result":"DeleteReceived", "context":{"id":"e22b28c2-0db9-413d-a480-15ee2b73f19d", "isDeleted:":"true", "version":"1734886615588"}}
{"logTime": "0124/095022", "correlationVector":"eEdACPVxujFvKbHzzgHoNW.57","action":"GetUpdates", "result":"DeleteReceived", "context":{"id":"fecccd92-b5d9-4188-9478-cd010e255536", "isDeleted:":"true", "version":"1734886963213"}}
{"logTime": "0124/095022", "correlationVector":"eEdACPVxujFvKbHzzgHoNW.58","action":"GetUpdates", "result":"DeleteReceived", "context":{"id":"946dacfc-844f-4cc8-9fee-5fcfc0365cd3", "isDeleted:":"true", "version":"1734890073608"}}
{"logTime": "0124/095022", "correlationVector":"eEdACPVxujFvKbHzzgHoNW.59","action":"GetUpdates", "result":"DeleteReceived", "context":{"id":"d6feda17-fb18-47b8-b42b-8db7c85956a8", "isDeleted:":"true", "version":"1734890477806"}}
{"logTime": "0124/095022", "correlationVector":"eEdACPVxujFvKbHzzgHoNW.60","action":"GetUpdates", "result":"DeleteReceived", "context":{"id":"292d62e1-7b1c-46a4-84b2-c5c006360abf", "isDeleted:":"true", "version":"1734890918389"}}
{"logTime": "0124/095022", "correlationVector":"eEdACPVxujFvKbHzzgHoNW.61","action":"GetUpdates", "result":"DeleteReceived", "context":{"id":"f9e3e6da-b5ce-4599-b3ca-cf2be197f53e", "isDeleted:":"true", "version":"1734977617776"}}
{"logTime": "0124/095022", "correlationVector":"eEdACPVxujFvKbHzzgHoNW.62","action":"GetUpdates", "result":"DeleteReceived", "context":{"id":"571a16e0-4325-4012-b152-493eb4084611", "isDeleted:":"true", "version":"1734977617778"}}
{"logTime": "0124/095022", "correlationVector":"eEdACPVxujFvKbHzzgHoNW.63","action":"GetUpdates", "result":"DeleteReceived", "context":{"id":"82266a74-3897-4cf4-9010-deb1508e8257", "isDeleted:":"true", "version":"1735220260226"}}
{"logTime": "0124/095022", "correlationVector":"eEdACPVxujFvKbHzzgHoNW.64","action":"GetUpdates", "result":"DeleteReceived", "context":{"id":"2f2ffd1a-f34b-4a17-800f-ad00a763cf2e", "isDeleted:":"true", "version":"1735226965724"}}
{"logTime": "0124/095022", "correlationVector":"eEdACPVxujFvKbHzzgHoNW.65","action":"GetUpdates", "result":"DeleteReceived", "context":{"id":"917c9700-19a4-434d-979f-e65d5a4d07db", "isDeleted:":"true", "version":"1735228679620"}}
{"logTime": "0124/095022", "correlationVector":"eEdACPVxujFvKbHzzgHoNW.66","action":"GetUpdates", "result":"DeleteReceived", "context":{"id":"c518d27a-4fde-4cfa-8fe2-1504458ce42d", "isDeleted:":"true", "version":"1735230052692"}}
{"logTime": "0124/095022", "correlationVector":"eEdACPVxujFvKbHzzgHoNW.67","action":"GetUpdates", "result":"DeleteReceived", "context":{"id":"beb79978-fd66-4f59-9aa7-04e250565e02", "isDeleted:":"true", "version":"1735231500345"}}
{"logTime": "0124/095022", "correlationVector":"eEdACPVxujFvKbHzzgHoNW.68","action":"GetUpdates", "result":"DeleteReceived", "context":{"id":"1cc75422-8520-4b5c-9f74-ddaa2c40cb95", "isDeleted:":"true", "version":"1735279917794"}}
{"logTime": "0124/095022", "correlationVector":"eEdACPVxujFvKbHzzgHoNW.69","action":"GetUpdates", "result":"DeleteReceived", "context":{"id":"8b52083f-45b0-4bcf-bed1-44d902407bc0", "isDeleted:":"true", "version":"1735280103551"}}
{"logTime": "0124/095022", "correlationVector":"eEdACPVxujFvKbHzzgHoNW.70","action":"GetUpdates", "result":"DeleteReceived", "context":{"id":"23098aaa-a606-441c-834b-575e3bf281e2", "isDeleted:":"true", "version":"1735280778917"}}
{"logTime": "0124/095022", "correlationVector":"eEdACPVxujFvKbHzzgHoNW.71","action":"GetUpdates", "result":"DeleteReceived", "context":{"id":"ee1a9d9d-15fb-4565-a885-adc79b2aecad", "isDeleted:":"true", "version":"1735281232249"}}
{"logTime": "0124/095022", "correlationVector":"eEdACPVxujFvKbHzzgHoNW.72","action":"GetUpdates", "result":"DeleteReceived", "context":{"id":"a32a65f6-9756-4ad9-98cb-b8727d1867d2", "isDeleted:":"true", "version":"1735392331871"}}
{"logTime": "0124/095022", "correlationVector":"eEdACPVxujFvKbHzzgHoNW.73","action":"GetUpdates", "result":"DeleteReceived", "context":{"id":"41866092-fe31-4bba-aacd-259c8f87331e", "isDeleted:":"true", "version":"1735393990948"}}
{"logTime": "0124/095022", "correlationVector":"eEdACPVxujFvKbHzzgHoNW.74","action":"GetUpdates", "result":"DeleteReceived", "context":{"id":"54c97aaf-2bc8-47f8-ab5e-fd77a981c144", "isDeleted:":"true", "version":"1735394768814"}}
{"logTime": "0124/095022", "correlationVector":"eEdACPVxujFvKbHzzgHoNW.75","action":"GetUpdates", "result":"DeleteReceived", "context":{"id":"76e2bf19-d04c-4345-a329-e691311d41f8", "isDeleted:":"true", "version":"1735488587720"}}
{"logTime": "0124/095022", "correlationVector":"eEdACPVxujFvKbHzzgHoNW.76","action":"GetUpdates", "result":"DeleteReceived", "context":{"id":"6a725c83-0267-44df-b884-f0761d53e919", "isDeleted:":"true", "version":"1735580632535"}}
{"logTime": "0124/095022", "correlationVector":"eEdACPVxujFvKbHzzgHoNW.77","action":"GetUpdates", "result":"DeleteReceived", "context":{"id":"72a0cad2-c33c-44ad-879c-2e76c646403a", "isDeleted:":"true", "version":"1735580632537"}}
{"logTime": "0124/095022", "correlationVector":"eEdACPVxujFvKbHzzgHoNW.78","action":"GetUpdates", "result":"DeleteReceived", "context":{"id":"97f616a5-ae70-4171-a74f-772a0dd9295b", "isDeleted:":"true", "version":"1735796287361"}}
{"logTime": "0124/095022", "correlationVector":"eEdACPVxujFvKbHzzgHoNW.79","action":"GetUpdates", "result":"DeleteReceived", "context":{"id":"fdd394b3-3028-4abd-a128-f61b47edb6b3", "isDeleted:":"true", "version":"1735826210841"}}
{"logTime": "0124/095022", "correlationVector":"eEdACPVxujFvKbHzzgHoNW.80","action":"GetUpdates", "result":"DeleteReceived", "context":{"id":"f4b33824-f760-48bd-a2d1-e127a8b0bcf9", "isDeleted:":"true", "version":"1735829635194"}}
{"logTime": "0124/095022", "correlationVector":"eEdACPVxujFvKbHzzgHoNW.81","action":"GetUpdates", "result":"DeleteReceived", "context":{"id":"f30694be-16fa-4c7a-b69c-4e5e520f5b23", "isDeleted:":"true", "version":"1735926511313"}}
{"logTime": "0124/095022", "correlationVector":"eEdACPVxujFvKbHzzgHoNW.82","action":"GetUpdates", "result":"DeleteReceived", "context":{"id":"58e2898f-054c-48f0-b9a3-ab6964de4921", "isDeleted:":"true", "version":"1735928675677"}}
{"logTime": "0124/095022", "correlationVector":"eEdACPVxujFvKbHzzgHoNW.83","action":"GetUpdates", "result":"DeleteReceived", "context":{"id":"2b409a3d-5743-4d4e-9404-a99bff7baf98", "isDeleted:":"true", "version":"1735928737457"}}
{"logTime": "0124/095022", "correlationVector":"eEdACPVxujFvKbHzzgHoNW.84","action":"GetUpdates", "result":"DeleteReceived", "context":{"id":"95964956-d8c5-476e-88f1-204717807c11", "isDeleted:":"true", "version":"1735960622186"}}
{"logTime": "0124/095022", "correlationVector":"eEdACPVxujFvKbHzzgHoNW.85","action":"GetUpdates", "result":"DeleteReceived", "context":{"id":"6896881a-9178-4a84-a99e-0a208e1ff2bd", "isDeleted:":"true", "version":"1735966402209"}}
{"logTime": "0124/095022", "correlationVector":"eEdACPVxujFvKbHzzgHoNW.86","action":"GetUpdates", "result":"DeleteReceived", "context":{"id":"0eae9849-e00e-4aaf-9557-d0701fe447b5", "isDeleted:":"true", "version":"1735992425305"}}
{"logTime": "0124/095022", "correlationVector":"eEdACPVxujFvKbHzzgHoNW.87","action":"GetUpdates", "result":"DeleteReceived", "context":{"id":"c772e05f-b2e8-4542-9d2e-a396bdff96c1", "isDeleted:":"true", "version":"1736168837658"}}
{"logTime": "0124/095022", "correlationVector":"eEdACPVxujFvKbHzzgHoNW.88","action":"GetUpdates", "result":"DeleteReceived", "context":{"id":"f8a7b117-e20d-42dd-9d37-2a3418d73d66", "isDeleted:":"true", "version":"1736168837659"}}
{"logTime": "0124/095022", "correlationVector":"eEdACPVxujFvKbHzzgHoNW.89","action":"GetUpdates", "result":"DeleteReceived", "context":{"id":"b874ebdf-ac53-4bad-a751-b3e0308eab0a", "isDeleted:":"true", "version":"1736168837660"}}
{"logTime": "0124/095022", "correlationVector":"eEdACPVxujFvKbHzzgHoNW.90","action":"GetUpdates", "result":"DeleteReceived", "context":{"id":"680deff9-9703-4cd3-8b20-9ae27583adcb", "isDeleted:":"true", "version":"1736171368650"}}
{"logTime": "0124/095022", "correlationVector":"eEdACPVxujFvKbHzzgHoNW.91","action":"GetUpdates", "result":"DeleteReceived", "context":{"id":"b167a978-dd22-4574-8065-4f36e4af5c00", "isDeleted:":"true", "version":"1736181286278"}}
{"logTime": "0124/095022", "correlationVector":"eEdACPVxujFvKbHzzgHoNW.92","action":"GetUpdates", "result":"DeleteReceived", "context":{"id":"75aa8dfe-60ad-41c6-8ff1-7eb16bd7232d", "isDeleted:":"true", "version":"1736181286280"}}
{"logTime": "0124/095022", "correlationVector":"eEdACPVxujFvKbHzzgHoNW.93","action":"GetUpdates", "result":"DeleteReceived", "context":{"id":"a0c52ed9-30d6-4592-95e7-b0bfd60b669d", "isDeleted:":"true", "version":"1736181332697"}}
{"logTime": "0124/095022", "correlationVector":"eEdACPVxujFvKbHzzgHoNW.94","action":"GetUpdates", "result":"DeleteReceived", "context":{"id":"8c84d4f4-2345-4d49-9e30-d3cbcf89145d", "isDeleted:":"true", "version":"1736240190532"}}
{"logTime": "0124/095022", "correlationVector":"eEdACPVxujFvKbHzzgHoNW.95","action":"GetUpdates", "result":"DeleteReceived", "context":{"id":"0cedcf3c-1702-4669-81c2-b63959069ab3", "isDeleted:":"true", "version":"1736347419438"}}
{"logTime": "0124/095022", "correlationVector":"eEdACPVxujFvKbHzzgHoNW.96","action":"GetUpdates", "result":"DeleteReceived", "context":{"id":"13548d72-7bde-494a-b602-bb8d1aca6536", "isDeleted:":"true", "version":"1736430798726"}}
{"logTime": "0124/095022", "correlationVector":"eEdACPVxujFvKbHzzgHoNW.97","action":"GetUpdates", "result":"DeleteReceived", "context":{"id":"56a467b0-e689-4fd8-84e0-90d504bafbf3", "isDeleted:":"true", "version":"1736432125841"}}
{"logTime": "0124/095022", "correlationVector":"eEdACPVxujFvKbHzzgHoNW.98","action":"GetUpdates", "result":"DeleteReceived", "context":{"id":"eef39a0d-4f12-473a-bb78-a4ad613ad2f1", "isDeleted:":"true", "version":"1736439634563"}}
{"logTime": "0124/095022", "correlationVector":"eEdACPVxujFvKbHzzgHoNW.99","action":"GetUpdates", "result":"DeleteReceived", "context":{"id":"86b49885-b76c-419b-b090-756d73b86a86", "isDeleted:":"true", "version":"1736514156719"}}
{"logTime": "0124/095022", "correlationVector":"eEdACPVxujFvKbHzzgHoNW.100","action":"GetUpdates", "result":"DeleteReceived", "context":{"id":"e1d58190-09ae-4305-afc7-e7f36062e5eb", "isDeleted:":"true", "version":"1736518896761"}}
{"logTime": "0124/095022", "correlationVector":"eEdACPVxujFvKbHzzgHoNW.101","action":"GetUpdates", "result":"DeleteReceived", "context":{"id":"d9ef6b02-f531-44ff-8a62-3db51c9bab72", "isDeleted:":"true", "version":"1736827465691"}}
{"logTime": "0124/095022", "correlationVector":"eEdACPVxujFvKbHzzgHoNW.102","action":"GetUpdates", "result":"DeleteReceived", "context":{"id":"3480aec1-92c4-4056-9216-846dddc829c5", "isDeleted:":"true", "version":"1736921050287"}}
{"logTime": "0124/095022", "correlationVector":"eEdACPVxujFvKbHzzgHoNW.103","action":"GetUpdates", "result":"DeleteReceived", "context":{"id":"80e71caf-26fe-4c9b-b352-d71e322d0b17", "isDeleted:":"true", "version":"1736928878508"}}
{"logTime": "0124/095022", "correlationVector":"eEdACPVxujFvKbHzzgHoNW.104","action":"GetUpdates", "result":"DeleteReceived", "context":{"id":"dcf24705-184a-4940-86e3-cdba34f921b3", "isDeleted:":"true", "version":"1736931618373"}}
{"logTime": "0124/095022", "correlationVector":"eEdACPVxujFvKbHzzgHoNW.105","action":"GetUpdates", "result":"DeleteReceived", "context":{"id":"e4e727ef-2db1-40f2-b7ae-f5669bc50367", "isDeleted:":"true", "version":"1736942323757"}}
{"logTime": "0124/095022", "correlationVector":"eEdACPVxujFvKbHzzgHoNW.106","action":"GetUpdates", "result":"DeleteReceived", "context":{"id":"9c8f940c-876d-45e0-9764-4800f19e1d8c", "isDeleted:":"true", "version":"1736942323758"}}
{"logTime": "0124/095022", "correlationVector":"eEdACPVxujFvKbHzzgHoNW.107","action":"GetUpdates", "result":"DeleteReceived", "context":{"id":"c210128b-7338-4f84-92c9-d9e81c524831", "isDeleted:":"true", "version":"1736942323761"}}
{"logTime": "0124/095022", "correlationVector":"eEdACPVxujFvKbHzzgHoNW.108","action":"GetUpdates", "result":"DeleteReceived", "context":{"id":"5d373251-91cf-401a-994d-fda2bdedce3d", "isDeleted:":"true", "version":"1736942323762"}}
{"logTime": "0124/095022", "correlationVector":"eEdACPVxujFvKbHzzgHoNW.109","action":"GetUpdates", "result":"DeleteReceived", "context":{"id":"59d0f311-e909-4f1f-96ae-77f5f157f081", "isDeleted:":"true", "version":"1736942323763"}}
{"logTime": "0124/095022", "correlationVector":"eEdACPVxujFvKbHzzgHoNW.110","action":"GetUpdates", "result":"DeleteReceived", "context":{"id":"d3afe8b3-cb4d-4d63-9e3d-bbbaca002582", "isDeleted:":"true", "version":"1736942323764"}}
{"logTime": "0124/095022", "correlationVector":"eEdACPVxujFvKbHzzgHoNW.111","action":"GetUpdates", "result":"DeleteReceived", "context":{"id":"37303c8b-9e09-4508-b2d5-a931fbd4e69c", "isDeleted:":"true", "version":"1737002255398"}}
{"logTime": "0124/095022", "correlationVector":"eEdACPVxujFvKbHzzgHoNW.112","action":"GetUpdates", "result":"DeleteReceived", "context":{"id":"aeb72e6b-08a1-43c6-af84-90159cc39706", "isDeleted:":"true", "version":"1737002255399"}}
{"logTime": "0124/095022", "correlationVector":"eEdACPVxujFvKbHzzgHoNW.113","action":"GetUpdates", "result":"DeleteReceived", "context":{"id":"6d39ef2d-0eaf-43b8-9532-e19b5a9d6cdc", "isDeleted:":"true", "version":"1737002255401"}}
{"logTime": "0124/095022", "correlationVector":"eEdACPVxujFvKbHzzgHoNW.114","action":"GetUpdates", "result":"DeleteReceived", "context":{"id":"bef8cbe0-1592-4d46-9ed7-3f25a20a570a", "isDeleted:":"true", "version":"1737004041501"}}
{"logTime": "0124/095022", "correlationVector":"eEdACPVxujFvKbHzzgHoNW.115","action":"GetUpdates", "result":"DeleteReceived", "context":{"id":"5df73c98-b1f3-4c24-b0d4-585fceeffa6d", "isDeleted:":"true", "version":"1737008373322"}}
{"logTime": "0124/095022", "correlationVector":"eEdACPVxujFvKbHzzgHoNW.116","action":"GetUpdates", "result":"DeleteReceived", "context":{"id":"790eab81-328f-46b8-add2-40467c3744b7", "isDeleted:":"true", "version":"1737015137146"}}
{"logTime": "0124/095022", "correlationVector":"eEdACPVxujFvKbHzzgHoNW.117","action":"GetUpdates", "result":"DeleteReceived", "context":{"id":"d42e805e-931a-47cd-8618-c34f224f230e", "isDeleted:":"true", "version":"1737027769333"}}
{"logTime": "0124/095022", "correlationVector":"eEdACPVxujFvKbHzzgHoNW.118","action":"GetUpdates", "result":"DeleteReceived", "context":{"id":"a52590b5-7016-47fb-a434-de2698a2d197", "isDeleted:":"true", "version":"1737029289780"}}
{"logTime": "0124/095022", "correlationVector":"eEdACPVxujFvKbHzzgHoNW.119","action":"GetUpdates", "result":"DeleteReceived", "context":{"id":"dc8dfbb9-d5e9-4ff5-8b76-4e105815de30", "isDeleted:":"true", "version":"1737032878710"}}
{"logTime": "0124/095022", "correlationVector":"eEdACPVxujFvKbHzzgHoNW.120","action":"GetUpdates", "result":"DeleteReceived", "context":{"id":"11bbf87c-cfd1-41d5-bd70-5690e99f43cc", "isDeleted:":"true", "version":"1737040770182"}}
{"logTime": "0124/095022", "correlationVector":"eEdACPVxujFvKbHzzgHoNW.121","action":"GetUpdates", "result":"DeleteReceived", "context":{"id":"f2db80a9-a0e0-43a8-8a0d-1eb5dcdc63f2", "isDeleted:":"true", "version":"1737040770183"}}
{"logTime": "0124/095022", "correlationVector":"eEdACPVxujFvKbHzzgHoNW.122","action":"GetUpdates", "result":"DeleteReceived", "context":{"id":"62e31f0c-2b21-4cf6-9474-27ecbfd0032f", "isDeleted:":"true", "version":"1737040770184"}}
{"logTime": "0124/095022", "correlationVector":"eEdACPVxujFvKbHzzgHoNW.123","action":"GetUpdates", "result":"DeleteReceived", "context":{"id":"440b61d9-e2e3-45ea-a1b9-f8e807fb50b0", "isDeleted:":"true", "version":"1737047255763"}}
{"logTime": "0124/095022", "correlationVector":"eEdACPVxujFvKbHzzgHoNW.124","action":"GetUpdates", "result":"DeleteReceived", "context":{"id":"97a045dc-cd90-4cdd-b727-cc16affa7bfa", "isDeleted:":"true", "version":"1737096301055"}}
{"logTime": "0124/095022", "correlationVector":"eEdACPVxujFvKbHzzgHoNW.125","action":"GetUpdates", "result":"DeleteReceived", "context":{"id":"91e366a6-391b-4a36-8337-5ceb143a821d", "isDeleted:":"true", "version":"1737358822554"}}
{"logTime": "0124/095022", "correlationVector":"eEdACPVxujFvKbHzzgHoNW.126","action":"GetUpdates", "result":"DeleteReceived", "context":{"id":"c97acf23-31e5-4e2f-9b2b-b1c6aa37a7a7", "isDeleted:":"true", "version":"1737359963355"}}
{"logTime": "0124/095022", "correlationVector":"eEdACPVxujFvKbHzzgHoNW.127","action":"GetUpdates", "result":"DeleteReceived", "context":{"id":"0fbdeddd-ff28-4d3c-80d1-eabc500c5924", "isDeleted:":"true", "version":"1737361414961"}}
{"logTime": "0124/095022", "correlationVector":"eEdACPVxujFvKbHzzgHoNW.128","action":"GetUpdates", "result":"DeleteReceived", "context":{"id":"66c4c0cb-1b30-4dd4-a821-3e1172b37669", "isDeleted:":"true", "version":"1737369572551"}}
{"logTime": "0124/095022", "correlationVector":"eEdACPVxujFvKbHzzgHoNW.129","action":"GetUpdates", "result":"DeleteReceived", "context":{"id":"81880e02-f397-473b-b110-588b77f583a1", "isDeleted:":"true", "version":"1737369743391"}}
{"logTime": "0124/095022", "correlationVector":"eEdACPVxujFvKbHzzgHoNW.130","action":"GetUpdates", "result":"DeleteReceived", "context":{"id":"12e2a722-8efa-4f1d-8dad-27bbf68ec652", "isDeleted:":"true", "version":"1737370821720"}}
{"logTime": "0124/095022", "correlationVector":"eEdACPVxujFvKbHzzgHoNW.131","action":"GetUpdates", "result":"DeleteReceived", "context":{"id":"d196b749-dfea-4132-957b-9f16b03788c2", "isDeleted:":"true", "version":"1737371017856"}}
{"logTime": "0124/095022", "correlationVector":"eEdACPVxujFvKbHzzgHoNW.132","action":"GetUpdates", "result":"DeleteReceived", "context":{"id":"8bbe6bb8-f5a4-42e7-ac7a-21dd574dfa59", "isDeleted:":"true", "version":"1737371954494"}}
{"logTime": "0124/095022", "correlationVector":"eEdACPVxujFvKbHzzgHoNW.133","action":"GetUpdates", "result":"DeleteReceived", "context":{"id":"202b6b6a-fb14-468c-ad46-7e42db0f2a2c", "isDeleted:":"true", "version":"1737386690010"}}
{"logTime": "0124/095022", "correlationVector":"eEdACPVxujFvKbHzzgHoNW.134","action":"GetUpdates", "result":"DeleteReceived", "context":{"id":"48242223-e7dd-4dda-b651-b6db26a19bcb", "isDeleted:":"true", "version":"1737387880670"}}
{"logTime": "0124/095022", "correlationVector":"eEdACPVxujFvKbHzzgHoNW.135","action":"GetUpdates", "result":"DeleteReceived", "context":{"id":"2567170a-0129-4bb9-9a8e-e34df07df786", "isDeleted:":"true", "version":"1737388377725"}}
{"logTime": "0124/095022", "correlationVector":"eEdACPVxujFvKbHzzgHoNW.136","action":"GetUpdates", "result":"DeleteReceived", "context":{"id":"c1f0f189-413e-4e29-ad3b-713849e024f2", "isDeleted:":"true", "version":"1737388377727"}}
{"logTime": "0124/095022", "correlationVector":"eEdACPVxujFvKbHzzgHoNW.137","action":"GetUpdates", "result":"DeleteReceived", "context":{"id":"e9f7e69f-c951-4a8e-a5e1-74fdbd0e94ce", "isDeleted:":"true", "version":"1737389097596"}}
{"logTime": "0124/095022", "correlationVector":"eEdACPVxujFvKbHzzgHoNW.138","action":"GetUpdates", "result":"DeleteReceived", "context":{"id":"c00b548d-df23-498f-934f-64732ef203c9", "isDeleted:":"true", "version":"1737389383556"}}
{"logTime": "0124/095022", "correlationVector":"eEdACPVxujFvKbHzzgHoNW.139","action":"GetUpdates", "result":"DeleteReceived", "context":{"id":"2b94b4a1-1f45-45eb-96fa-ef8461531ba4", "isDeleted:":"true", "version":"1737389567292"}}
{"logTime": "0124/095022", "correlationVector":"eEdACPVxujFvKbHzzgHoNW.140","action":"GetUpdates", "result":"DeleteReceived", "context":{"id":"78425d36-4f08-462c-a0d1-282cfca9f16e", "isDeleted:":"true", "version":"1737399347443"}}
{"logTime": "0124/095022", "correlationVector":"eEdACPVxujFvKbHzzgHoNW.141","action":"GetUpdates", "result":"DeleteReceived", "context":{"id":"e6767934-3c55-4102-bd09-7e4a39880372", "isDeleted:":"true", "version":"1737400198475"}}
{"logTime": "0124/095022", "correlationVector":"eEdACPVxujFvKbHzzgHoNW.142","action":"GetUpdates", "result":"DeleteReceived", "context":{"id":"255b7d2f-bfeb-49b1-9821-2953536194b8", "isDeleted:":"true", "version":"1737460991378"}}
{"logTime": "0124/095022", "correlationVector":"eEdACPVxujFvKbHzzgHoNW.143","action":"GetUpdates", "result":"DeleteReceived", "context":{"id":"3cac3977-17bf-4694-baf2-49531dca138b", "isDeleted:":"true", "version":"1737460991379"}}
{"logTime": "0124/095022", "correlationVector":"eEdACPVxujFvKbHzzgHoNW.144","action":"GetUpdates", "result":"DeleteReceived", "context":{"id":"58f6babf-9ca3-44d3-ad18-481085d206ec", "isDeleted:":"true", "version":"1737460991380"}}
{"logTime": "0124/095022", "correlationVector":"eEdACPVxujFvKbHzzgHoNW.145","action":"GetUpdates", "result":"DeleteReceived", "context":{"id":"477fd0b8-1dc3-4c36-a1ab-5c83376c96dd", "isDeleted:":"true", "version":"1737505260332"}}
{"logTime": "0124/095022", "correlationVector":"eEdACPVxujFvKbHzzgHoNW.146","action":"GetUpdates", "result":"DeleteReceived", "context":{"id":"e40b05c1-0030-4a08-83d9-cc9f4392c079", "isDeleted:":"true", "version":"1737506101436"}}
{"logTime": "0124/095022", "correlationVector":"eEdACPVxujFvKbHzzgHoNW.147","action":"GetUpdates", "result":"DeleteReceived", "context":{"id":"1232a962-577d-4e0e-b2a8-14c6a76f46e7", "isDeleted:":"true", "version":"1737514215609"}}
{"logTime": "0124/095022", "correlationVector":"eEdACPVxujFvKbHzzgHoNW.148","action":"GetUpdates", "result":"DeleteReceived", "context":{"id":"8a63f505-ee4b-4c76-9a9d-c4a247cf6931", "isDeleted:":"true", "version":"1737642591242"}}
{"logTime": "0124/095022", "correlationVector":"eEdACPVxujFvKbHzzgHoNW.149","action":"GetUpdates", "result":"DeleteReceived", "context":{"id":"ed86af8c-6d8a-4ff2-ad2a-54995caea2ec", "isDeleted:":"true", "version":"1737642591243"}}
{"logTime": "0124/095022", "correlationVector":"eEdACPVxujFvKbHzzgHoNW.150","action":"GetUpdates", "result":"DeleteReceived", "context":{"id":"3ac1f0ac-c203-42fe-b052-0c731546edee", "isDeleted:":"true", "version":"1737642591244"}}
{"logTime": "0124/095022", "correlationVector":"eEdACPVxujFvKbHzzgHoNW.151","action":"GetUpdates", "result":"DeleteReceived", "context":{"id":"3c36e492-0499-4378-a61a-9aa0ccc34f95", "isDeleted:":"true", "version":"1737642591245"}}
{"logTime": "0124/095022", "correlationVector":"eEdACPVxujFvKbHzzgHoNW.152","action":"GetUpdates", "result":"DeleteReceived", "context":{"id":"4904bb9d-fad1-4a2d-b957-f68444e707a8", "isDeleted:":"true", "version":"1732976649850"}}
{"logTime": "0124/095022", "correlationVector":"eEdACPVxujFvKbHzzgHoNW.153","action":"GetUpdates", "result":"DeleteReceived", "context":{"id":"229a57e3-5bae-4dce-af6b-33a30b90da08", "isDeleted:":"true", "version":"1733143926407"}}
{"logTime": "0124/095022", "correlationVector":"eEdACPVxujFvKbHzzgHoNW.154","action":"GetUpdates", "result":"DeleteReceived", "context":{"id":"ba9878d8-26df-4b33-90ab-02f340d83671", "isDeleted:":"true", "version":"1733143926408"}}
{"logTime": "0124/095022", "correlationVector":"eEdACPVxujFvKbHzzgHoNW.155","action":"GetUpdates", "result":"DeleteReceived", "context":{"id":"8d88427a-1cf6-45b7-8cb0-ba5daf3997ed", "isDeleted:":"true", "version":"1733642955568"}}
{"logTime": "0124/095022", "correlationVector":"eEdACPVxujFvKbHzzgHoNW.156","action":"GetUpdates", "result":"DeleteReceived", "context":{"id":"e75cc884-1c7f-41a9-af54-252f21ae4de2", "isDeleted:":"true", "version":"1733642955569"}}
{"logTime": "0124/095022", "correlationVector":"eEdACPVxujFvKbHzzgHoNW.157","action":"GetUpdates", "result":"DeleteReceived", "context":{"id":"62cde691-2e33-484c-8f38-a9b655df0799", "isDeleted:":"true", "version":"1733840749285"}}
{"logTime": "0124/095022", "correlationVector":"eEdACPVxujFvKbHzzgHoNW.158","action":"GetUpdates", "result":"DeleteReceived", "context":{"id":"fa7da676-ff94-4ad9-9b7a-024aeb04442a", "isDeleted:":"true", "version":"1733840749286"}}
{"logTime": "0124/095022", "correlationVector":"eEdACPVxujFvKbHzzgHoNW.159","action":"GetUpdates", "result":"DeleteReceived", "context":{"id":"f6979c73-cbcc-423c-8e0f-3d0923e61036", "isDeleted:":"true", "version":"1733840749287"}}
{"logTime": "0124/095022", "correlationVector":"eEdACPVxujFvKbHzzgHoNW.160","action":"GetUpdates", "result":"DeleteReceived", "context":{"id":"e9dc6c6a-c709-41b1-a0a7-79b8bf1ece9e", "isDeleted:":"true", "version":"1735580632539"}}
{"logTime": "0124/095022", "correlationVector":"eEdACPVxujFvKbHzzgHoNW.161","action":"GetUpdates Response", "result":"Success", "context":Received 228 update(s). cV=eEdACPVxujFvKbHzzgHoNW.0;server=akswtt00300000j;cloudType=Consumer;environment=Prod_southeastasia_prod-s01-065-apac-southeastasia;migrationStage=NotStarted}
{"logTime": "0124/095022", "correlationVector":"xYqGif4SX7KrE6dVu99TTe","action":"Initial GetUpdates", "result":"", "context":Reason: NEWLY_SUPPORTED_DATATYPE. cV=xYqGif4SX7KrE6dVu99TTe}
{"logTime": "0124/095023", "correlationVector":"xYqGif4SX7KrE6dVu99TTe.1","action":"SyncServerConnectionManagerRequest", "result":"SYNC_SERVER_OK", "context":{"environment":"Prod_southeastasia_prod-s01-065-apac-southeastasia", "migrationStage":"NotStarted", "server":"akswtt003000016"}}
{"logTime": "0124/095023", "correlationVector":"xYqGif4SX7KrE6dVu99TTe.2","action":"GetUpdates Response", "result":"Success", "context":Received 250 update(s). cV=xYqGif4SX7KrE6dVu99TTe.0;server=akswtt003000016;cloudType=Consumer;environment=Prod_southeastasia_prod-s01-065-apac-southeastasia;migrationStage=NotStarted Some updates remain.}
{"logTime": "0124/095023", "correlationVector":"dsRm6jDp9GfCIFr++ntGTB","action":"Initial GetUpdates", "result":"", "context":Reason: NEWLY_SUPPORTED_DATATYPE. cV=dsRm6jDp9GfCIFr++ntGTB}
{"logTime": "0124/095023", "correlationVector":"dsRm6jDp9GfCIFr++ntGTB.1","action":"SyncServerConnectionManagerRequest", "result":"SYNC_SERVER_OK", "context":{"environment":"Prod_southeastasia_prod-s01-065-apac-southeastasia", "migrationStage":"NotStarted", "server":"akswtt003000028"}}
{"logTime": "0124/095023", "correlationVector":"dsRm6jDp9GfCIFr++ntGTB.2","action":"GetUpdates Response", "result":"Success", "context":Received 250 update(s). cV=dsRm6jDp9GfCIFr++ntGTB.0;server=akswtt003000028;cloudType=Consumer;environment=Prod_southeastasia_prod-s01-065-apac-southeastasia;migrationStage=NotStarted Some updates remain.}
{"logTime": "0124/095023", "correlationVector":"bhb9Hvc+CO0mbFRPBDkVRU","action":"Initial GetUpdates", "result":"", "context":Reason: NEWLY_SUPPORTED_DATATYPE. cV=bhb9Hvc+CO0mbFRPBDkVRU}
{"logTime": "0124/095024", "correlationVector":"bhb9Hvc+CO0mbFRPBDkVRU.1","action":"SyncServerConnectionManagerRequest", "result":"SYNC_SERVER_OK", "context":{"environment":"Prod_southeastasia_prod-s01-065-apac-southeastasia", "migrationStage":"NotStarted", "server":"akswtt00300001y"}}
{"logTime": "0124/095024", "correlationVector":"bhb9Hvc+CO0mbFRPBDkVRU.2","action":"GetUpdates Response", "result":"Success", "context":Received 250 update(s). cV=bhb9Hvc+CO0mbFRPBDkVRU.0;server=akswtt00300001y;cloudType=Consumer;environment=Prod_southeastasia_prod-s01-065-apac-southeastasia;migrationStage=NotStarted Some updates remain.}
{"logTime": "0124/095024", "correlationVector":"Q4E+uuZ0fZlvW673iN8UCo","action":"Initial GetUpdates", "result":"", "context":Reason: NEWLY_SUPPORTED_DATATYPE. cV=Q4E+uuZ0fZlvW673iN8UCo}
{"logTime": "0124/095025", "correlationVector":"Q4E+uuZ0fZlvW673iN8UCo.1","action":"SyncServerConnectionManagerRequest", "result":"SYNC_SERVER_OK", "context":{"environment":"Prod_southeastasia_prod-s01-065-apac-southeastasia", "migrationStage":"NotStarted", "server":"akswtt003000016"}}
{"logTime": "0124/095025", "correlationVector":"Q4E+uuZ0fZlvW673iN8UCo.2","action":"GetUpdates Response", "result":"Success", "context":Received 250 update(s). cV=Q4E+uuZ0fZlvW673iN8UCo.0;server=akswtt003000016;cloudType=Consumer;environment=Prod_southeastasia_prod-s01-065-apac-southeastasia;migrationStage=NotStarted Some updates remain.}
{"logTime": "0124/095025", "correlationVector":"PMtQd567sgfbdn95YQrXOy","action":"Initial GetUpdates", "result":"", "context":Reason: NEWLY_SUPPORTED_DATATYPE. cV=PMtQd567sgfbdn95YQrXOy}
{"logTime": "0124/095025", "correlationVector":"PMtQd567sgfbdn95YQrXOy.1","action":"SyncServerConnectionManagerRequest", "result":"SYNC_SERVER_OK", "context":{"environment":"Prod_southeastasia_prod-s01-065-apac-southeastasia", "migrationStage":"NotStarted", "server":"akswtt003000034"}}
{"logTime": "0124/095025", "correlationVector":"PMtQd567sgfbdn95YQrXOy.2","action":"GetUpdates Response", "result":"Success", "context":Received 250 update(s). cV=PMtQd567sgfbdn95YQrXOy.0;server=akswtt003000034;cloudType=Consumer;environment=Prod_southeastasia_prod-s01-065-apac-southeastasia;migrationStage=NotStarted Some updates remain.}
{"logTime": "0124/095025", "correlationVector":"2PT5TkKfYLdQermZCcqaol","action":"Initial GetUpdates", "result":"", "context":Reason: NEWLY_SUPPORTED_DATATYPE. cV=2PT5TkKfYLdQermZCcqaol}
{"logTime": "0124/095025", "correlationVector":"2PT5TkKfYLdQermZCcqaol.1","action":"SyncServerConnectionManagerRequest", "result":"SYNC_SERVER_OK", "context":{"environment":"Prod_southeastasia_prod-s01-065-apac-southeastasia", "migrationStage":"NotStarted", "server":"akswtt00300001y"}}
{"logTime": "0124/095025", "correlationVector":"2PT5TkKfYLdQermZCcqaol.2","action":"GetUpdates Response", "result":"Success", "context":Received 231 update(s). cV=2PT5TkKfYLdQermZCcqaol.0;server=akswtt00300001y;cloudType=Consumer;environment=Prod_southeastasia_prod-s01-065-apac-southeastasia;migrationStage=NotStarted}
{"logTime": "0124/095026", "correlationVector":"1UWG5uWnSY4U8kqfA5Ui1J","action":"Normal GetUpdate request", "result":"", "context":cV=1UWG5uWnSY4U8kqfA5Ui1J
Nudged types: Bookmarks, Preferences, Typed URLs, Sessions, Device Info, User Consents
Refresh requested types: Bookmarks, Preferences, Passwords, Autofill Profiles, Autofill, Typed URLs, Extensions, Sessions, Extension settings, History Delete Directives, Device Info, User Consents, Send Tab To Self, Web Apps, History, Collection, Edge E Drop, Edge Hub App Usage, Edge Tab Group, Edge Wallet, Encryption Keys}
{"logTime": "0124/095026", "correlationVector":"1UWG5uWnSY4U8kqfA5Ui1J.1","action":"SyncServerConnectionManagerRequest", "result":"SYNC_SERVER_OK", "context":{"environment":"Prod_southeastasia_prod-s01-065-apac-southeastasia", "migrationStage":"NotStarted", "server":"akswtt003000034"}}
{"logTime": "0124/095026", "correlationVector":"1UWG5uWnSY4U8kqfA5Ui1J.2","action":"GetUpdates Response", "result":"Success", "context":Received 0 update(s). cV=1UWG5uWnSY4U8kqfA5Ui1J.0;server=akswtt003000034;cloudType=Consumer;environment=Prod_southeastasia_prod-s01-065-apac-southeastasia;migrationStage=NotStarted}
{"logTime": "0124/095026", "correlationVector":"gzdSnQ8fA/zsNh9CT4ePgT","action":"Commit Request", "result":"", "context":Item count: 19
Contributing types: Bookmarks, Preferences, Typed URLs, Sessions, Device Info, User Consents, History}
{"logTime": "0124/095027", "correlationVector":"gzdSnQ8fA/zsNh9CT4ePgT.1","action":"SyncServerConnectionManagerRequest", "result":"SYNC_SERVER_OK", "context":{"environment":"Prod_southeastasia_prod-s01-065-apac-southeastasia", "migrationStage":"NotStarted", "server":"akswtt003000034"}}
{"logTime": "0124/095027", "correlationVector":"gzdSnQ8fA/zsNh9CT4ePgT.2","action":"Commit Response", "result":"Success", "context":Result: Success. cV=gzdSnQ8fA/zsNh9CT4ePgT.0;server=akswtt003000034;cloudType=Consumer;environment=Prod_southeastasia_prod-s01-065-apac-southeastasia;migrationStage=NotStarted}
{"logTime": "0124/095027", "correlationVector":"r4Nm+fKq8AXvMJeMNDn303","action":"Commit Request", "result":"", "context":Item count: 1
Contributing types: Edge Hub App Usage}
{"logTime": "0124/095028", "correlationVector":"r4Nm+fKq8AXvMJeMNDn303.1","action":"SyncServerConnectionManagerRequest", "result":"SYNC_SERVER_OK", "context":{"environment":"Prod_southeastasia_prod-s01-065-apac-southeastasia", "migrationStage":"NotStarted", "server":"akswtt003000028"}}
{"logTime": "0124/095028", "correlationVector":"r4Nm+fKq8AXvMJeMNDn303.2","action":"Commit Response", "result":"Success", "context":Result: Success. cV=r4Nm+fKq8AXvMJeMNDn303.0;server=akswtt003000028;cloudType=Consumer;environment=Prod_southeastasia_prod-s01-065-apac-southeastasia;migrationStage=NotStarted}
{"logTime": "0124/095044", "correlationVector":"I6Svg+0f9Fo+jXLfoGM0Cr","action":"Commit Request", "result":"", "context":Item count: 1
Contributing types: Preferences}
{"logTime": "0124/095044", "correlationVector":"I6Svg+0f9Fo+jXLfoGM0Cr.1","action":"SyncServerConnectionManagerRequest", "result":"SYNC_SERVER_OK", "context":{"environment":"Prod_southeastasia_prod-s01-065-apac-southeastasia", "migrationStage":"NotStarted", "server":"akswtt00300000j"}}
{"logTime": "0124/095044", "correlationVector":"I6Svg+0f9Fo+jXLfoGM0Cr.2","action":"Commit Response", "result":"Success", "context":Result: Success. cV=I6Svg+0f9Fo+jXLfoGM0Cr.0;server=akswtt00300000j;cloudType=Consumer;environment=Prod_southeastasia_prod-s01-065-apac-southeastasia;migrationStage=NotStarted}
{"logTime": "0124/095237", "correlationVector":"GUutY8x0r1lrOl9+bqpRF0.1","action":"SyncServerConnectionManagerRequest", "result":"SYNC_SERVER_OK", "context":{"environment":"Prod_southeastasia_prod-s01-064-apac-southeastasia", "migrationStage":"NotStarted", "server":"akswtt00300002g"}}
{"logTime": "0124/095238", "correlationVector":"AfdvbDtKagnj0JWW9bT1Oz","action":"SyncServerConnectionManagerRequest", "result":"SYNC_SERVER_OK", "context":{"environment":"", "migrationStage":"", "server":""}}
{"logTime": "0124/095238", "correlationVector":"GUutY8x0r1lrOl9+bqpRF0","action":"Initial GetUpdates", "result":"", "context":Reason: NEW_CLIENT. cV=GUutY8x0r1lrOl9+bqpRF0}
{"logTime": "0124/095238", "correlationVector":"GUutY8x0r1lrOl9+bqpRF0.2","action":"GetUpdates Response", "result":"Success", "context":Received 1 update(s). cV=GUutY8x0r1lrOl9+bqpRF0.0;server=akswtt00300002g;cloudType=Consumer;environment=Prod_southeastasia_prod-s01-064-apac-southeastasia;migrationStage=NotStarted}
{"logTime": "0124/095238", "correlationVector":"CEBwRtEH1JEVyc7LRKcG32","action":"Initial GetUpdates", "result":"", "context":Reason: NEWLY_SUPPORTED_DATATYPE. cV=CEBwRtEH1JEVyc7LRKcG32}
{"logTime": "0124/095239", "correlationVector":"CEBwRtEH1JEVyc7LRKcG32.1","action":"SyncServerConnectionManagerRequest", "result":"SYNC_SERVER_OK", "context":{"environment":"Prod_southeastasia_prod-s01-064-apac-southeastasia", "migrationStage":"NotStarted", "server":"akswtt00300002g"}}
{"logTime": "0124/095239", "correlationVector":"CEBwRtEH1JEVyc7LRKcG32.2","action":"GetUpdates", "result":"DeleteReceived", "context":{"id":"ea734d01-7b7d-4b75-b4ba-9de4ef1ee7d0", "isDeleted:":"true", "version":"1710668100092"}}
{"logTime": "0124/095239", "correlationVector":"CEBwRtEH1JEVyc7LRKcG32.3","action":"GetUpdates Response", "result":"Success", "context":Received 37 update(s). cV=CEBwRtEH1JEVyc7LRKcG32.0;server=akswtt00300002g;cloudType=Consumer;environment=Prod_southeastasia_prod-s01-064-apac-southeastasia;migrationStage=NotStarted}
{"logTime": "0124/095242", "correlationVector":"VB02lpU2UBQJUcfaChC81d","action":"Normal GetUpdate request", "result":"", "context":cV=VB02lpU2UBQJUcfaChC81d
Nudged types: Sessions, Device Info
Refresh requested types: Bookmarks, Preferences, Passwords, Autofill Profiles, Autofill, Extensions, Sessions, Extension settings, History Delete Directives, Device Info, User Consents, Send Tab To Self, Web Apps, History, Collection, Edge E Drop, Edge Hub App Usage, Edge Tab Group, Edge Wallet, Encryption Keys}
{"logTime": "0124/095242", "correlationVector":"VB02lpU2UBQJUcfaChC81d.1","action":"SyncServerConnectionManagerRequest", "result":"SYNC_SERVER_OK", "context":{"environment":"Prod_southeastasia_prod-s01-064-apac-southeastasia", "migrationStage":"NotStarted", "server":"akswtt00300002g"}}
{"logTime": "0124/095242", "correlationVector":"VB02lpU2UBQJUcfaChC81d.2","action":"GetUpdates Response", "result":"Success", "context":Received 17 update(s). cV=VB02lpU2UBQJUcfaChC81d.0;server=akswtt00300002g;cloudType=Consumer;environment=Prod_southeastasia_prod-s01-064-apac-southeastasia;migrationStage=NotStarted}
{"logTime": "0124/095242", "correlationVector":"tdTuv0UiHIcMre/wKS2+z6","action":"DoCompareDataConsistency requsted types: ", "result":"Bookmarks, Preferences, Passwords, Extensions, Extension settings, History Delete Directives, Send Tab To Self, Web Apps, History, Collection, Edge E Drop, Edge Tab Group, Edge Wallet, Encryption Keys"}
{"logTime": "0124/095242", "correlationVector":"tdTuv0UiHIcMre/wKS2+z6.0","action":"CompareDataConsistency result: ", "result":"Compare result: Encryption Keys is consistent. local entities count is: 1 local entities hash is: 0gJuKM24gcwzGUv1uP6IgmxgnPs="}
{"logTime": "0124/095242", "correlationVector":"tdTuv0UiHIcMre/wKS2+z6.1","action":"CompareDataConsistency result: ", "result":"Compare result: Bookmarks is consistent. local entities count is: 12 local entities hash is: 06dRSqAC5NDTg3Q1Ae5k8qEaTe0="}
{"logTime": "0124/095242", "correlationVector":"tdTuv0UiHIcMre/wKS2+z6.2","action":"CompareDataConsistency result: ", "result":"Compare result: Preferences is consistent. local entities count is: 59 local entities hash is: q5iFpNAYuVR6QMFL963sh0vufbQ="}
{"logTime": "0124/095242", "correlationVector":"tdTuv0UiHIcMre/wKS2+z6.3","action":"CompareDataConsistency result: ", "result":"Compare result: Extensions is consistent. local entities count is: 0 local entities hash is: "}
{"logTime": "0124/095242", "correlationVector":"tdTuv0UiHIcMre/wKS2+z6.4","action":"CompareDataConsistency result: ", "result":"Compare result: Extension settings is consistent. local entities count is: 0 local entities hash is: "}
{"logTime": "0124/095242", "correlationVector":"tdTuv0UiHIcMre/wKS2+z6.5","action":"CompareDataConsistency result: ", "result":"Compare result: History Delete Directives is consistent. local entities count is: 0 local entities hash is: "}
{"logTime": "0124/095242", "correlationVector":"tdTuv0UiHIcMre/wKS2+z6.6","action":"CompareDataConsistency result: ", "result":"Server did not send this Send Tab To Self local entities count is: 0 local entities hash is: "}
{"logTime": "0124/095242", "correlationVector":"tdTuv0UiHIcMre/wKS2+z6.7","action":"CompareDataConsistency result: ", "result":"Compare result: Web Apps is consistent. local entities count is: 0 local entities hash is: "}
{"logTime": "0124/095242", "correlationVector":"tdTuv0UiHIcMre/wKS2+z6.8","action":"CompareDataConsistency result: ", "result":"Server did not send this History local entities count is: 0 local entities hash is: "}
{"logTime": "0124/095242", "correlationVector":"tdTuv0UiHIcMre/wKS2+z6.9","action":"CompareDataConsistency result: ", "result":"Compare result: Collection is consistent. local entities count is: 0 local entities hash is: "}
{"logTime": "0124/095242", "correlationVector":"tdTuv0UiHIcMre/wKS2+z6.10","action":"CompareDataConsistency result: ", "result":"Compare result: Edge E Drop is consistent. local entities count is: 0 local entities hash is: "}
{"logTime": "0124/095242", "correlationVector":"tdTuv0UiHIcMre/wKS2+z6.11","action":"CompareDataConsistency result: ", "result":"Compare result: Edge Tab Group is consistent. local entities count is: 0 local entities hash is: "}
{"logTime": "0124/095242", "correlationVector":"tdTuv0UiHIcMre/wKS2+z6.12","action":"CompareDataConsistency result: ", "result":"Compare result: Edge Wallet is consistent. local entities count is: 0 local entities hash is: "}
{"logTime": "0124/095242", "correlationVector":"tdTuv0UiHIcMre/wKS2+z6.13","action":"CompareDataConsistency result: ", "result":"Compare result: Passwords is consistent. local entities count is: 36 local entities hash is: KeeME1LtHD3eVtHc30NneFaYqFU="}
{"logTime": "0124/095242", "correlationVector":"bRurNiURzsbhbqqpci7P7U","action":"Commit Request", "result":"", "context":Item count: 4
Contributing types: Sessions, Device Info}
{"logTime": "0124/095243", "correlationVector":"bRurNiURzsbhbqqpci7P7U.1","action":"SyncServerConnectionManagerRequest", "result":"SYNC_SERVER_OK", "context":{"environment":"Prod_southeastasia_prod-s01-064-apac-southeastasia", "migrationStage":"NotStarted", "server":"akswtt00300003a"}}
{"logTime": "0124/095243", "correlationVector":"bRurNiURzsbhbqqpci7P7U.2","action":"Commit Response", "result":"Success", "context":Result: Success. cV=bRurNiURzsbhbqqpci7P7U.0;server=akswtt00300003a;cloudType=Consumer;environment=Prod_southeastasia_prod-s01-064-apac-southeastasia;migrationStage=NotStarted}
{"logTime": "0124/095243", "correlationVector":"","action":"DIAGNOSTIC_REQUEST|v1/diagnosticData/Diagnostic.SendCheckResult()|SUCCESS", "result":""}
{"logTime": "0124/095249", "correlationVector":"xztPgGw/tU1GYSKUqT7s9j","action":"Commit Request", "result":"", "context":Item count: 9
Contributing types: Preferences, Sessions, History}
{"logTime": "0124/095250", "correlationVector":"xztPgGw/tU1GYSKUqT7s9j.1","action":"SyncServerConnectionManagerRequest", "result":"SYNC_SERVER_OK", "context":{"environment":"Prod_southeastasia_prod-s01-064-apac-southeastasia", "migrationStage":"NotStarted", "server":"akswtt00300002u"}}
{"logTime": "0124/095250", "correlationVector":"xztPgGw/tU1GYSKUqT7s9j.3","action":"Commit.Sessions", "result":"Success", "context":{"id":"4983c411-7572-4431-8f28-11549ef755fb", "isDeleted":"true", "size":"0", "version":"1737712362704"}}
{"logTime": "0124/095250", "correlationVector":"xztPgGw/tU1GYSKUqT7s9j.2","action":"Commit Response", "result":"Success", "context":Result: Success. cV=xztPgGw/tU1GYSKUqT7s9j.0;server=akswtt00300002u;cloudType=Consumer;environment=Prod_southeastasia_prod-s01-064-apac-southeastasia;migrationStage=NotStarted}
{"logTime": "0124/095451", "correlationVector":"LUZz5f3paucFEJ2tS/qZ2v","action":"Commit Request", "result":"", "context":Item count: 1
Contributing types: Sessions}
{"logTime": "0124/095452", "correlationVector":"LUZz5f3paucFEJ2tS/qZ2v.1","action":"SyncServerConnectionManagerRequest", "result":"SYNC_SERVER_OK", "context":{"environment":"Prod_southeastasia_prod-s01-065-apac-southeastasia", "migrationStage":"NotStarted", "server":"akswtt00300003p"}}
{"logTime": "0124/095452", "correlationVector":"LUZz5f3paucFEJ2tS/qZ2v.2","action":"Commit Response", "result":"Success", "context":Result: Success. cV=LUZz5f3paucFEJ2tS/qZ2v.0;server=akswtt00300003p;cloudType=Consumer;environment=Prod_southeastasia_prod-s01-065-apac-southeastasia;migrationStage=NotStarted}
{"logTime": "0124/095658", "correlationVector":"jKJ+Tvr3B57dbkWTClSsnd","action":"Commit Request", "result":"", "context":Item count: 4
Contributing types: Sessions, History}
{"logTime": "0124/095659", "correlationVector":"jKJ+Tvr3B57dbkWTClSsnd.1","action":"SyncServerConnectionManagerRequest", "result":"SYNC_SERVER_OK", "context":{"environment":"Prod_southeastasia_prod-s01-064-apac-southeastasia", "migrationStage":"NotStarted", "server":"akswtt003000029"}}
{"logTime": "0124/095659", "correlationVector":"jKJ+Tvr3B57dbkWTClSsnd.2","action":"Commit Response", "result":"Success", "context":Result: Success. cV=jKJ+Tvr3B57dbkWTClSsnd.0;server=akswtt003000029;cloudType=Consumer;environment=Prod_southeastasia_prod-s01-064-apac-southeastasia;migrationStage=NotStarted}
{"logTime": "0124/095832", "correlationVector":"uE+65bGLIURfuEojbnXrfh","action":"Commit Request", "result":"", "context":Item count: 8
Contributing types: Sessions, History}
{"logTime": "0124/095833", "correlationVector":"uE+65bGLIURfuEojbnXrfh.1","action":"SyncServerConnectionManagerRequest", "result":"SYNC_SERVER_OK", "context":{"environment":"Prod_southeastasia_prod-s01-065-apac-southeastasia", "migrationStage":"NotStarted", "server":"akswtt00300001a"}}
{"logTime": "0124/095833", "correlationVector":"uE+65bGLIURfuEojbnXrfh.2","action":"Commit Response", "result":"Success", "context":Result: Success. cV=uE+65bGLIURfuEojbnXrfh.0;server=akswtt00300001a;cloudType=Consumer;environment=Prod_southeastasia_prod-s01-065-apac-southeastasia;migrationStage=NotStarted}
