2025-01-24 09:50:12.313: [INFO][Sync] Reset engine, reason: 8
2025-01-24 09:50:12.313: [INFO][Sync] Stopped: Bookmarks
2025-01-24 09:50:12.313: [INFO][Sync] Stopped: Preferences
2025-01-24 09:50:12.313: [INFO][Sync] Stopped: Passwords
2025-01-24 09:50:12.313: [INFO][Sync] Stopped: Autofill Profiles
2025-01-24 09:50:12.313: [INFO][Sync] Stopped: Autofill
2025-01-24 09:50:12.313: [INFO][Sync] Stopped: Typed URLs
2025-01-24 09:50:12.313: [INFO][Sync] Stopped: Extensions
2025-01-24 09:50:12.313: [INFO][Sync] Stopped: Sessions
2025-01-24 09:50:12.313: [INFO][Sync] Stopped: Extension settings
2025-01-24 09:50:12.313: [INFO][Sync] Stopped: History Delete Directives
2025-01-24 09:50:12.313: [INFO][Sync] Stopped: Device Info
2025-01-24 09:50:12.313: [INFO][Sync] Stopped: User Consents
2025-01-24 09:50:12.313: [INFO][Sync] Stopped: Send Tab To Self
2025-01-24 09:50:12.313: [INFO][Sync] Stopped: Web Apps
2025-01-24 09:50:12.313: [INFO][Sync] Stopped: History
2025-01-24 09:50:12.313: [INFO][Sync] Stopped: Collection
2025-01-24 09:50:12.313: [INFO][Sync] Stopped: Edge E Drop
2025-01-24 09:50:12.313: [INFO][Sync] Stopped: Edge Hub App Usage
2025-01-24 09:50:12.313: [INFO][Sync] Stopped: Edge Tab Group
2025-01-24 09:50:12.313: [INFO][Sync] Stopped: Edge Wallet
2025-01-24 09:50:12.313: [INFO][Sync] SyncState after authenticated was: NotSignedIn
2025-01-24 09:50:12.614: [INFO][Sync] Reset engine, reason: 8
2025-01-24 09:50:12.614: [INFO][Sync] Stopped: Bookmarks
2025-01-24 09:50:12.614: [INFO][Sync] Stopped: Preferences
2025-01-24 09:50:12.614: [INFO][Sync] Stopped: Passwords
2025-01-24 09:50:12.614: [INFO][Sync] Stopped: Autofill Profiles
2025-01-24 09:50:12.614: [INFO][Sync] Stopped: Autofill
2025-01-24 09:50:12.614: [INFO][Sync] Stopped: Typed URLs
2025-01-24 09:50:12.614: [INFO][Sync] Stopped: Extensions
2025-01-24 09:50:12.614: [INFO][Sync] Stopped: Sessions
2025-01-24 09:50:12.614: [INFO][Sync] Stopped: Extension settings
2025-01-24 09:50:12.614: [INFO][Sync] Stopped: History Delete Directives
2025-01-24 09:50:12.614: [INFO][Sync] Stopped: Device Info
2025-01-24 09:50:12.614: [INFO][Sync] Stopped: User Consents
2025-01-24 09:50:12.614: [INFO][Sync] Stopped: Send Tab To Self
2025-01-24 09:50:12.614: [INFO][Sync] Stopped: Web Apps
2025-01-24 09:50:12.614: [INFO][Sync] Stopped: History
2025-01-24 09:50:12.614: [INFO][Sync] Stopped: Collection
2025-01-24 09:50:12.614: [INFO][Sync] Stopped: Edge E Drop
2025-01-24 09:50:12.614: [INFO][Sync] Stopped: Edge Hub App Usage
2025-01-24 09:50:12.614: [INFO][Sync] Stopped: Edge Tab Group
2025-01-24 09:50:12.614: [INFO][Sync] Stopped: Edge Wallet
2025-01-24 09:50:13.102: [INFO][Sync] Try to start sync engine
2025-01-24 09:50:13.125: [INFO][SyncManagerImpl::NudgeForInitialDownload] Initial download nudge for Encryption Keys
2025-01-24 09:50:13.125: [INFO][SyncEngineBackend::LoadAndConnectNigoriController] Load and connect Nigori controller
2025-01-24 09:50:13.125: [INFO][SyncEngineBackend::DoInitialize] Control Types added: Encryption Keys
2025-01-24 09:50:13.125: [INFO][SyncManagerImpl::ConfigureSyncer] Types to download: Encryption Keys with reason: 3
2025-01-24 09:50:13.125: [INFO][SyncSchedulerImpl::DoConfigurationSyncCycleJob] Configure job was blocked
2025-01-24 09:50:14.574: [INFO][SyncAuthManager::SetLastAuthError] Current auth error: None
2025-01-24 09:50:14.574: [INFO][SyncAuthManager::EdgeLogTokenErrorState] Token error with: None for account type: MSA
2025-01-24 09:50:14.574: [INFO][Sync] Credentials changed for: EdgeSyncScopeNew
2025-01-24 09:50:17.898: [INFO][SyncAuthManager::SetLastAuthError] Current auth error: None
2025-01-24 09:50:17.898: [INFO][SyncAuthManager::EdgeLogTokenErrorState] Token error with: None for account type: MSA
2025-01-24 09:50:17.898: [INFO][Sync] Credentials changed for: EdgeSyncKeyDataScope
2025-01-24 09:50:17.898: [INFO][SyncEngineBackend::DoUpdateKeyDataCredentials] Update key data credentials
2025-01-24 09:50:17.898: [INFO][SyncEngineBackend::DoUpdateCredentials] Update credentials
2025-01-24 09:50:17.898: [INFO][SyncSchedulerImpl::DoConfigurationSyncCycleJob] Blocked types:  and types to download: Encryption Keys
2025-01-24 09:50:18.735: [INFO][Sync] Started DataTypeManager configuration, reason: 4
2025-01-24 09:50:18.735: [INFO][Sync] Configuring for: Bookmarks, Preferences, Passwords, Autofill Profiles, Autofill, Typed URLs, Extensions, Sessions, Extension settings, History Delete Directives, Device Info, User Consents, Send Tab To Self, Web Apps, History, Collection, Edge E Drop, Edge Hub App Usage, Edge Tab Group, Edge Wallet, Encryption Keys, reason: 3, current state: 0
2025-01-24 09:50:18.738: [INFO][Sync] Configure, desired: Bookmarks, Preferences, Typed URLs, Extensions, Sessions, Extension settings, History Delete Directives, Device Info, User Consents, Send Tab To Self, Web Apps, History, Collection, Edge E Drop, Edge Hub App Usage, Edge Tab Group, Edge Wallet, Encryption Keys; Allow fail: Passwords, Autofill Profiles, Autofill
2025-01-24 09:50:18.738: [INFO][Sync] Loading: Bookmarks
2025-01-24 09:50:18.742: [INFO][Sync] Loading: Preferences
2025-01-24 09:50:18.742: [INFO][Sync] Loading: Typed URLs
2025-01-24 09:50:18.742: [INFO][Sync] Loading: Extensions
2025-01-24 09:50:18.767: [INFO][Sync] Loading: Sessions
2025-01-24 09:50:18.767: [INFO][Sync] Loading: Extension settings
2025-01-24 09:50:18.767: [INFO][Sync] Loading: History Delete Directives
2025-01-24 09:50:18.793: [INFO][Sync] Loading: Device Info
2025-01-24 09:50:18.809: [INFO][Sync] Loading: User Consents
2025-01-24 09:50:18.809: [INFO][Sync] Loading: Send Tab To Self
2025-01-24 09:50:18.809: [INFO][Sync] Loading: Web Apps
2025-01-24 09:50:18.809: [INFO][Sync] Loading: History
2025-01-24 09:50:18.809: [INFO][Sync] Loading: Collection
2025-01-24 09:50:18.809: [INFO][Sync] Loading: Edge E Drop
2025-01-24 09:50:18.809: [INFO][Sync] Loading: Edge Hub App Usage
2025-01-24 09:50:18.809: [INFO][Sync] Loading: Edge Tab Group
2025-01-24 09:50:18.809: [INFO][Sync] Loading: Edge Wallet
2025-01-24 09:50:18.815: [INFO][Sync] All data types are ready for configure.
2025-01-24 09:50:20.058: [INFO][Sync] Started DataTypeManager configuration, reason: 5
2025-01-24 09:50:20.058: [INFO][Sync] Configuring for: Bookmarks, Preferences, Passwords, Autofill Profiles, Autofill, Typed URLs, Extensions, Sessions, Extension settings, History Delete Directives, Device Info, User Consents, Send Tab To Self, Web Apps, History, Collection, Edge E Drop, Edge Hub App Usage, Edge Tab Group, Edge Wallet, Encryption Keys, reason: 5, current state: 1
2025-01-24 09:50:20.265: [INFO][SyncEngineBackend::DoStartConfiguration] Start configuration
2025-01-24 09:50:20.270: [INFO][SyncManagerImpl::NudgeForInitialDownload] Initial download nudge for Bookmarks
2025-01-24 09:50:20.270: [INFO][SyncManagerImpl::NudgeForInitialDownload] Initial download nudge for Preferences
2025-01-24 09:50:20.270: [INFO][SyncManagerImpl::NudgeForInitialDownload] Initial download nudge for Typed URLs
2025-01-24 09:50:20.270: [INFO][SyncManagerImpl::NudgeForInitialDownload] Initial download nudge for Extensions
2025-01-24 09:50:20.270: [INFO][SyncManagerImpl::NudgeForInitialDownload] Initial download nudge for Sessions
2025-01-24 09:50:20.270: [INFO][SyncManagerImpl::NudgeForInitialDownload] Initial download nudge for Extension settings
2025-01-24 09:50:20.271: [INFO][SyncManagerImpl::NudgeForInitialDownload] Initial download nudge for History Delete Directives
2025-01-24 09:50:20.271: [INFO][SyncManagerImpl::NudgeForInitialDownload] Initial download nudge for Device Info
2025-01-24 09:50:20.271: [INFO][SyncManagerImpl::NudgeForInitialDownload] Initial download nudge for Send Tab To Self
2025-01-24 09:50:20.271: [INFO][SyncManagerImpl::NudgeForInitialDownload] Initial download nudge for Web Apps
2025-01-24 09:50:20.271: [INFO][SyncManagerImpl::NudgeForInitialDownload] Initial download nudge for History
2025-01-24 09:50:20.271: [INFO][SyncManagerImpl::NudgeForInitialDownload] Initial download nudge for Collection
2025-01-24 09:50:20.271: [INFO][SyncManagerImpl::NudgeForInitialDownload] Initial download nudge for Edge E Drop
2025-01-24 09:50:20.271: [INFO][SyncManagerImpl::NudgeForInitialDownload] Initial download nudge for Edge Hub App Usage
2025-01-24 09:50:20.271: [INFO][SyncManagerImpl::NudgeForInitialDownload] Initial download nudge for Edge Tab Group
2025-01-24 09:50:20.271: [INFO][SyncManagerImpl::NudgeForInitialDownload] Initial download nudge for Edge Wallet
2025-01-24 09:50:20.271: [INFO][SyncManagerImpl::ConfigureSyncer] Types to download:  with reason: 3
2025-01-24 09:50:20.271: [INFO][SyncEngineBackend::DoFinishConfigureDataTypes] Failed to download types:  and succeeded types: 
2025-01-24 09:50:20.271: [INFO][Sync] ConfigurationDone, failed: , succeeded: , remaining count: 4
2025-01-24 09:50:20.271: [WARN][Sync]     Reconfigure requested while configuration ongoing.
2025-01-24 09:50:20.271: [INFO][Sync] Configuring for: Bookmarks, Preferences, Passwords, Autofill Profiles, Autofill, Typed URLs, Extensions, Sessions, Extension settings, History Delete Directives, Device Info, User Consents, Send Tab To Self, Web Apps, History, Collection, Edge E Drop, Edge Hub App Usage, Edge Tab Group, Edge Wallet, Encryption Keys, reason: 5, current state: 2
2025-01-24 09:50:20.271: [INFO][Sync] Configure, desired: Bookmarks, Preferences, Passwords, Autofill Profiles, Autofill, Typed URLs, Extensions, Sessions, Extension settings, History Delete Directives, Device Info, User Consents, Send Tab To Self, Web Apps, History, Collection, Edge E Drop, Edge Hub App Usage, Edge Tab Group, Edge Wallet, Encryption Keys; Allow fail: 
2025-01-24 09:50:20.278: [INFO][Sync] Loading: Passwords
2025-01-24 09:50:20.278: [INFO][Sync] Loading: Autofill Profiles
2025-01-24 09:50:20.278: [INFO][Sync] Loading: Autofill
2025-01-24 09:50:20.279: [INFO][Sync] All data types are ready for configure.
2025-01-24 09:50:20.279: [INFO][SyncManagerImpl::NudgeForInitialDownload] Initial download nudge for Passwords
2025-01-24 09:50:20.279: [INFO][SyncManagerImpl::NudgeForInitialDownload] Initial download nudge for Autofill Profiles
2025-01-24 09:50:20.279: [INFO][SyncManagerImpl::NudgeForInitialDownload] Initial download nudge for Autofill
2025-01-24 09:50:20.279: [INFO][SyncManagerImpl::ConfigureSyncer] Types to download:  with reason: 5
2025-01-24 09:50:20.279: [INFO][SyncEngineBackend::DoFinishConfigureDataTypes] Failed to download types:  and succeeded types: 
2025-01-24 09:50:20.280: [INFO][Sync] ConfigurationDone, failed: , succeeded: , remaining count: 4
2025-01-24 09:50:20.280: [INFO][Sync] Prepare to configure types: Preferences, Passwords, Device Info, Send Tab To Self, Edge E Drop, Encryption Keys
2025-01-24 09:50:20.280: [INFO][SyncManagerImpl::ConfigureSyncer] Types to download: Preferences, Passwords, Device Info, Send Tab To Self, Edge E Drop, Encryption Keys with reason: 5
2025-01-24 09:50:20.280: [INFO][SyncSchedulerImpl::DoConfigurationSyncCycleJob] Blocked types:  and types to download: Preferences, Passwords, Device Info, Send Tab To Self, Edge E Drop, Encryption Keys
2025-01-24 09:50:20.898: [INFO][SyncEngineBackend::DoFinishConfigureDataTypes] Failed to download types:  and succeeded types: Preferences, Passwords, Device Info, Send Tab To Self, Edge E Drop, Encryption Keys
2025-01-24 09:50:20.902: [INFO][Sync] ConfigurationDone, failed: , succeeded: Preferences, Passwords, Device Info, Send Tab To Self, Edge E Drop, Encryption Keys, remaining count: 3
2025-01-24 09:50:20.902: [INFO][Sync] Prepare to configure types: Bookmarks, Encryption Keys
2025-01-24 09:50:20.907: [INFO][SyncManagerImpl::ConfigureSyncer] Types to download: Bookmarks, Encryption Keys with reason: 5
2025-01-24 09:50:20.908: [INFO][SyncSchedulerImpl::DoConfigurationSyncCycleJob] Blocked types:  and types to download: Bookmarks, Encryption Keys
2025-01-24 09:50:21.153: [INFO][SyncEngineBackend::DoFinishConfigureDataTypes] Failed to download types:  and succeeded types: Bookmarks, Encryption Keys
2025-01-24 09:50:21.157: [INFO][Sync] ConfigurationDone, failed: , succeeded: Bookmarks, Encryption Keys, remaining count: 2
2025-01-24 09:50:21.157: [INFO][Sync] Prepare to configure types: Autofill Profiles, Autofill, Typed URLs, Extensions, Sessions, Extension settings, History Delete Directives, Web Apps, Collection, Edge Hub App Usage, Edge Tab Group, Edge Wallet, Encryption Keys
2025-01-24 09:50:21.157: [INFO][SyncManagerImpl::ConfigureSyncer] Types to download: Autofill Profiles, Autofill, Typed URLs, Extensions, Sessions, Extension settings, History Delete Directives, Web Apps, Collection, Edge Hub App Usage, Edge Tab Group, Edge Wallet, Encryption Keys with reason: 5
2025-01-24 09:50:21.157: [INFO][SyncSchedulerImpl::DoConfigurationSyncCycleJob] Blocked types:  and types to download: Autofill Profiles, Autofill, Typed URLs, Extensions, Sessions, Extension settings, History Delete Directives, Web Apps, Collection, Edge Hub App Usage, Edge Tab Group, Edge Wallet, Encryption Keys
2025-01-24 09:50:22.486: [INFO][SyncEngineBackend::DoFinishConfigureDataTypes] Failed to download types:  and succeeded types: Autofill Profiles, Autofill, Typed URLs, Extensions, Sessions, Extension settings, History Delete Directives, Web Apps, Collection, Edge Hub App Usage, Edge Tab Group, Edge Wallet, Encryption Keys
2025-01-24 09:50:22.487: [INFO][Sync] ConfigurationDone, failed: , succeeded: Autofill Profiles, Autofill, Typed URLs, Extensions, Sessions, Extension settings, History Delete Directives, Web Apps, Collection, Edge Hub App Usage, Edge Tab Group, Edge Wallet, Encryption Keys, remaining count: 1
2025-01-24 09:50:22.488: [INFO][Sync] Prepare to configure types: History, Encryption Keys
2025-01-24 09:50:22.488: [INFO][SyncManagerImpl::ConfigureSyncer] Types to download: History, Encryption Keys with reason: 5
2025-01-24 09:50:22.488: [INFO][SyncSchedulerImpl::DoConfigurationSyncCycleJob] Blocked types:  and types to download: History, Encryption Keys
2025-01-24 09:50:25.978: [INFO][SyncEngineBackend::DoFinishConfigureDataTypes] Failed to download types:  and succeeded types: History, Encryption Keys
2025-01-24 09:50:25.981: [INFO][Sync] ConfigurationDone, failed: , succeeded: History, Encryption Keys, remaining count: 0
2025-01-24 09:50:25.984: [INFO][Sync]     Configuration completed, state: 7
2025-01-24 09:50:25.984: [INFO][Sync] Configured DataTypeManager: Ok
2025-01-24 09:50:25.988: [INFO][SyncEngineBackend::DoStartSyncing] Start syncing
2025-01-24 09:52:33.992: [INFO][Sync] SyncState after authenticated was: FeatureCanStart
2025-01-24 09:52:34.588: [INFO][Sync] Try to start sync engine
2025-01-24 09:52:34.592: [INFO][SyncManagerImpl::NudgeForInitialDownload] Initial download nudge for Encryption Keys
2025-01-24 09:52:34.592: [INFO][SyncEngineBackend::LoadAndConnectNigoriController] Load and connect Nigori controller
2025-01-24 09:52:34.592: [INFO][SyncEngineBackend::DoInitialize] Control Types added: Encryption Keys
2025-01-24 09:52:34.592: [INFO][SyncManagerImpl::ConfigureSyncer] Types to download: Encryption Keys with reason: 3
2025-01-24 09:52:34.592: [INFO][SyncSchedulerImpl::DoConfigurationSyncCycleJob] Configure job was blocked
2025-01-24 09:52:34.847: [INFO][SyncAuthManager::SetLastAuthError] Current auth error: None
2025-01-24 09:52:34.847: [INFO][SyncAuthManager::EdgeLogTokenErrorState] Token error with: None for account type: MSA
2025-01-24 09:52:34.847: [INFO][Sync] Credentials changed for: EdgeSyncScopeNew
2025-01-24 09:52:37.272: [INFO][SyncAuthManager::SetLastAuthError] Current auth error: None
2025-01-24 09:52:37.272: [INFO][SyncAuthManager::EdgeLogTokenErrorState] Token error with: None for account type: MSA
2025-01-24 09:52:37.272: [INFO][Sync] Credentials changed for: EdgeSyncKeyDataScope
2025-01-24 09:52:37.272: [INFO][SyncEngineBackend::DoUpdateKeyDataCredentials] Update key data credentials
2025-01-24 09:52:37.273: [INFO][SyncEngineBackend::DoUpdateCredentials] Update credentials
2025-01-24 09:52:37.273: [INFO][SyncSchedulerImpl::DoConfigurationSyncCycleJob] Blocked types:  and types to download: Encryption Keys
2025-01-24 09:52:37.831: [INFO][Sync] Started DataTypeManager configuration, reason: 4
2025-01-24 09:52:37.831: [INFO][Sync] Configuring for: Bookmarks, Preferences, Passwords, Autofill Profiles, Autofill, Extensions, Sessions, Extension settings, History Delete Directives, Device Info, User Consents, Send Tab To Self, Web Apps, History, Collection, Edge E Drop, Edge Hub App Usage, Edge Tab Group, Edge Wallet, Encryption Keys, reason: 4, current state: 0
2025-01-24 09:52:37.835: [INFO][Sync] Configure, desired: Bookmarks, Preferences, Extensions, Sessions, Extension settings, History Delete Directives, Device Info, User Consents, Send Tab To Self, Web Apps, History, Collection, Edge E Drop, Edge Hub App Usage, Edge Tab Group, Edge Wallet, Encryption Keys; Allow fail: Passwords, Autofill Profiles, Autofill
2025-01-24 09:52:37.836: [INFO][Sync] Loading: Bookmarks
2025-01-24 09:52:37.836: [INFO][Sync] Loading: Preferences
2025-01-24 09:52:37.836: [INFO][Sync] Loading: Extensions
2025-01-24 09:52:37.837: [INFO][Sync] Loading: Sessions
2025-01-24 09:52:37.837: [INFO][Sync] Loading: Extension settings
2025-01-24 09:52:37.837: [INFO][Sync] Loading: History Delete Directives
2025-01-24 09:52:37.838: [INFO][Sync] Loading: Device Info
2025-01-24 09:52:37.838: [INFO][Sync] Loading: User Consents
2025-01-24 09:52:37.838: [INFO][Sync] Loading: Send Tab To Self
2025-01-24 09:52:37.838: [INFO][Sync] Loading: Web Apps
2025-01-24 09:52:37.838: [INFO][Sync] Loading: History
2025-01-24 09:52:37.838: [INFO][Sync] Loading: Collection
2025-01-24 09:52:37.838: [INFO][Sync] Loading: Edge E Drop
2025-01-24 09:52:37.838: [INFO][Sync] Loading: Edge Hub App Usage
2025-01-24 09:52:37.838: [INFO][Sync] Loading: Edge Tab Group
2025-01-24 09:52:37.838: [INFO][Sync] Loading: Edge Wallet
2025-01-24 09:52:37.850: [INFO][Sync] All data types are ready for configure.
2025-01-24 09:52:38.811: [INFO][Sync] Started DataTypeManager configuration, reason: 5
2025-01-24 09:52:38.811: [INFO][Sync] Configuring for: Bookmarks, Preferences, Passwords, Autofill Profiles, Autofill, Extensions, Sessions, Extension settings, History Delete Directives, Device Info, User Consents, Send Tab To Self, Web Apps, History, Collection, Edge E Drop, Edge Hub App Usage, Edge Tab Group, Edge Wallet, Encryption Keys, reason: 5, current state: 1
2025-01-24 09:52:38.813: [INFO][SyncEngineBackend::DoStartConfiguration] Start configuration
2025-01-24 09:52:38.813: [INFO][SyncManagerImpl::ConfigureSyncer] Types to download:  with reason: 4
2025-01-24 09:52:38.814: [INFO][SyncEngineBackend::DoFinishConfigureDataTypes] Failed to download types:  and succeeded types: 
2025-01-24 09:52:38.815: [INFO][Sync] ConfigurationDone, failed: , succeeded: , remaining count: 4
2025-01-24 09:52:38.815: [WARN][Sync]     Reconfigure requested while configuration ongoing.
2025-01-24 09:52:38.815: [INFO][Sync] Configuring for: Bookmarks, Preferences, Passwords, Autofill Profiles, Autofill, Extensions, Sessions, Extension settings, History Delete Directives, Device Info, User Consents, Send Tab To Self, Web Apps, History, Collection, Edge E Drop, Edge Hub App Usage, Edge Tab Group, Edge Wallet, Encryption Keys, reason: 5, current state: 2
2025-01-24 09:52:38.815: [INFO][Sync] Configure, desired: Bookmarks, Preferences, Passwords, Autofill Profiles, Autofill, Extensions, Sessions, Extension settings, History Delete Directives, Device Info, User Consents, Send Tab To Self, Web Apps, History, Collection, Edge E Drop, Edge Hub App Usage, Edge Tab Group, Edge Wallet, Encryption Keys; Allow fail: 
2025-01-24 09:52:38.815: [INFO][Sync] Loading: Passwords
2025-01-24 09:52:38.815: [INFO][Sync] Loading: Autofill Profiles
2025-01-24 09:52:38.815: [INFO][Sync] Loading: Autofill
2025-01-24 09:52:38.815: [INFO][Sync] All data types are ready for configure.
2025-01-24 09:52:38.815: [INFO][SyncManagerImpl::NudgeForInitialDownload] Initial download nudge for Passwords
2025-01-24 09:52:38.816: [INFO][SyncManagerImpl::ConfigureSyncer] Types to download:  with reason: 5
2025-01-24 09:52:38.816: [INFO][SyncEngineBackend::DoFinishConfigureDataTypes] Failed to download types:  and succeeded types: 
2025-01-24 09:52:38.816: [INFO][Sync] ConfigurationDone, failed: , succeeded: , remaining count: 4
2025-01-24 09:52:38.816: [INFO][Sync] Prepare to configure types: Passwords, Encryption Keys
2025-01-24 09:52:38.816: [INFO][SyncManagerImpl::ConfigureSyncer] Types to download: Passwords, Encryption Keys with reason: 5
2025-01-24 09:52:38.816: [INFO][SyncSchedulerImpl::DoConfigurationSyncCycleJob] Blocked types:  and types to download: Passwords, Encryption Keys
2025-01-24 09:52:39.227: [INFO][SyncEngineBackend::DoFinishConfigureDataTypes] Failed to download types:  and succeeded types: Passwords, Encryption Keys
2025-01-24 09:52:39.238: [INFO][Sync] ConfigurationDone, failed: , succeeded: Passwords, Encryption Keys, remaining count: 3
2025-01-24 09:52:39.239: [INFO][SyncManagerImpl::ConfigureSyncer] Types to download:  with reason: 5
2025-01-24 09:52:39.239: [INFO][SyncEngineBackend::DoFinishConfigureDataTypes] Failed to download types:  and succeeded types: 
2025-01-24 09:52:39.240: [INFO][Sync] ConfigurationDone, failed: , succeeded: , remaining count: 2
2025-01-24 09:52:39.241: [INFO][SyncManagerImpl::ConfigureSyncer] Types to download:  with reason: 5
2025-01-24 09:52:39.241: [INFO][SyncEngineBackend::DoFinishConfigureDataTypes] Failed to download types:  and succeeded types: 
2025-01-24 09:52:39.245: [INFO][Sync] ConfigurationDone, failed: , succeeded: , remaining count: 1
2025-01-24 09:52:39.254: [INFO][SyncManagerImpl::ConfigureSyncer] Types to download:  with reason: 5
2025-01-24 09:52:39.254: [INFO][SyncEngineBackend::DoFinishConfigureDataTypes] Failed to download types:  and succeeded types: 
2025-01-24 09:52:39.255: [INFO][Sync] ConfigurationDone, failed: , succeeded: , remaining count: 0
2025-01-24 09:52:39.257: [INFO][Sync]     Configuration completed, state: 7
2025-01-24 09:52:39.260: [INFO][Sync] Configured DataTypeManager: Ok
2025-01-24 09:52:39.276: [INFO][SyncEngineBackend::DoStartSyncing] Start syncing
